<?xml version="1.0" encoding="UTF-8"?>
<coverage generated="1772783547827" clover="3.2.0">
  <project timestamp="1772783547827" name="All files">
    <metrics statements="248" coveredstatements="228" conditionals="210" coveredconditionals="178" methods="45" coveredmethods="41" elements="503" coveredelements="447" complexity="0" loc="248" ncloc="248" packages="1" files="7" classes="7"/>
    <file name="auth.ts" path="D:\github\dream-admin-thin\src\utils\auth.ts">
      <metrics statements="43" coveredstatements="43" conditionals="42" coveredconditionals="30" methods="7" coveredmethods="7"/>
      <line num="24" count="1" type="stmt"/>
      <line num="25" count="1" type="stmt"/>
      <line num="32" count="1" type="stmt"/>
      <line num="37" count="2" type="cond" truecount="2" falsecount="0"/>
      <line num="49" count="2" type="stmt"/>
      <line num="50" count="2" type="stmt"/>
      <line num="51" count="2" type="stmt"/>
      <line num="52" count="2" type="stmt"/>
      <line num="53" count="2" type="stmt"/>
      <line num="55" count="2" type="cond" truecount="1" falsecount="1"/>
      <line num="61" count="2" type="stmt"/>
      <line num="80" count="2" type="stmt"/>
      <line num="81" count="2" type="stmt"/>
      <line num="82" count="2" type="stmt"/>
      <line num="83" count="2" type="stmt"/>
      <line num="84" count="2" type="stmt"/>
      <line num="85" count="2" type="stmt"/>
      <line num="96" count="2" type="cond" truecount="4" falsecount="0"/>
      <line num="97" count="1" type="stmt"/>
      <line num="98" count="1" type="stmt"/>
      <line num="108" count="1" type="cond" truecount="1" falsecount="1"/>
      <line num="110" count="1" type="cond" truecount="1" falsecount="1"/>
      <line num="111" count="1" type="cond" truecount="1" falsecount="1"/>
      <line num="113" count="1" type="cond" truecount="1" falsecount="1"/>
      <line num="115" count="1" type="cond" truecount="1" falsecount="1"/>
      <line num="117" count="1" type="cond" truecount="1" falsecount="1"/>
      <line num="119" count="1" type="stmt"/>
      <line num="133" count="1" type="stmt"/>
      <line num="134" count="1" type="stmt"/>
      <line num="135" count="1" type="stmt"/>
      <line num="139" count="1" type="stmt"/>
      <line num="140" count="1" type="stmt"/>
      <line num="144" count="1" type="stmt"/>
      <line num="145" count="5" type="cond" truecount="2" falsecount="0"/>
      <line num="146" count="4" type="stmt"/>
      <line num="147" count="4" type="stmt"/>
      <line num="148" count="4" type="cond" truecount="1" falsecount="1"/>
      <line num="149" count="4" type="cond" truecount="4" falsecount="0"/>
      <line num="150" count="3" type="cond" truecount="2" falsecount="0"/>
      <line num="153" count="5" type="cond" truecount="2" falsecount="0"/>
      <line num="158" count="1" type="stmt"/>
      <line num="160" count="1" type="stmt"/>
      <line num="161" count="1" type="stmt"/>
    </file>
    <file name="message.ts" path="D:\github\dream-admin-thin\src\utils\message.ts">
      <metrics statements="7" coveredstatements="7" conditionals="16" coveredconditionals="16" methods="3" coveredmethods="3"/>
      <line num="40" count="1" type="stmt"/>
      <line num="44" count="5" type="cond" truecount="2" falsecount="0"/>
      <line num="45" count="1" type="stmt"/>
      <line num="63" count="4" type="stmt"/>
      <line num="65" count="4" type="stmt"/>
      <line num="79" count="2" type="cond" truecount="2" falsecount="0"/>
      <line num="87" count="1" type="stmt"/>
    </file>
    <file name="mitt.ts" path="D:\github\dream-admin-thin\src\utils\mitt.ts">
      <metrics statements="1" coveredstatements="1" conditionals="0" coveredconditionals="0" methods="0" coveredmethods="0"/>
      <line num="14" count="1" type="stmt"/>
    </file>
    <file name="preventDefault.ts" path="D:\github\dream-admin-thin\src\utils\preventDefault.ts">
      <metrics statements="8" coveredstatements="8" conditionals="6" coveredconditionals="5" methods="6" coveredmethods="6"/>
      <line num="5" count="2" type="cond" truecount="1" falsecount="1"/>
      <line num="11" count="1" type="stmt"/>
      <line num="13" count="5" type="stmt"/>
      <line num="16" count="2" type="cond" truecount="2" falsecount="0"/>
      <line num="19" count="5" type="stmt"/>
      <line num="21" count="5" type="stmt"/>
      <line num="23" count="5" type="stmt"/>
      <line num="26" count="2" type="cond" truecount="2" falsecount="0"/>
    </file>
    <file name="print.ts" path="D:\github\dream-admin-thin\src\utils\print.ts">
      <metrics statements="93" coveredstatements="74" conditionals="52" coveredconditionals="38" methods="15" coveredmethods="11"/>
      <line num="8" count="1" type="stmt"/>
      <line num="9" count="22" type="cond" truecount="2" falsecount="0"/>
      <line num="11" count="22" type="cond" truecount="2" falsecount="0"/>
      <line num="13" count="11" type="stmt"/>
      <line num="23" count="11" type="stmt"/>
      <line num="24" count="44" type="cond" truecount="4" falsecount="0"/>
      <line num="26" count="4" type="stmt"/>
      <line num="29" count="11" type="cond" truecount="2" falsecount="0"/>
      <line num="31" count="8" type="stmt"/>
      <line num="34" count="3" type="cond" truecount="2" falsecount="0"/>
      <line num="37" count="11" type="cond" truecount="4" falsecount="0"/>
      <line num="39" count="1" type="stmt"/>
      <line num="42" count="11" type="stmt"/>
      <line num="45" count="1" type="stmt"/>
      <line num="50" count="11" type="stmt"/>
      <line num="51" count="11" type="stmt"/>
      <line num="59" count="1" type="stmt"/>
      <line num="60" count="2" type="stmt"/>
      <line num="62" count="1" type="stmt"/>
      <line num="68" count="12" type="stmt"/>
      <line num="69" count="12" type="stmt"/>
      <line num="70" count="12" type="stmt"/>
      <line num="71" count="22" type="stmt"/>
      <line num="73" count="12" type="stmt"/>
      <line num="74" count="12" type="stmt"/>
      <line num="78" count="11" type="stmt"/>
      <line num="79" count="11" type="stmt"/>
      <line num="80" count="11" type="stmt"/>
      <line num="81" count="11" type="stmt"/>
      <line num="83" count="11" type="stmt"/>
      <line num="84" count="20" type="cond" truecount="4" falsecount="0"/>
      <line num="85" count="10" type="cond" truecount="1" falsecount="1"/>
      <line num="86" count="10" type="stmt"/>
      <line num="88" count="0" type="stmt"/>
      <line num="90" count="10" type="cond" truecount="1" falsecount="1"/>
      <line num="91" count="10" type="stmt"/>
      <line num="93" count="0" type="stmt"/>
      <line num="97" count="11" type="stmt"/>
      <line num="98" count="10" type="cond" truecount="1" falsecount="1"/>
      <line num="99" count="10" type="stmt"/>
      <line num="103" count="11" type="stmt"/>
      <line num="104" count="10" type="cond" truecount="1" falsecount="1"/>
      <line num="105" count="10" type="stmt"/>
      <line num="106" count="10" type="stmt"/>
      <line num="107" count="20" type="cond" truecount="1" falsecount="1"/>
      <line num="108" count="20" type="cond" truecount="2" falsecount="0"/>
      <line num="109" count="10" type="stmt"/>
      <line num="111" count="10" type="stmt"/>
      <line num="118" count="11" type="stmt"/>
      <line num="119" count="10" type="stmt"/>
      <line num="120" count="10" type="stmt"/>
      <line num="121" count="10" type="stmt"/>
      <line num="122" count="10" type="stmt"/>
      <line num="123" count="10" type="stmt"/>
      <line num="124" count="10" type="stmt"/>
      <line num="127" count="11" type="stmt"/>
      <line num="135" count="11" type="stmt"/>
      <line num="136" count="11" type="stmt"/>
      <line num="137" count="11" type="stmt"/>
      <line num="138" count="11" type="stmt"/>
      <line num="144" count="11" type="cond" truecount="1" falsecount="1"/>
      <line num="147" count="11" type="cond" truecount="1" falsecount="1"/>
      <line num="148" count="11" type="stmt"/>
      <line num="149" count="11" type="stmt"/>
      <line num="150" count="11" type="stmt"/>
      <line num="152" count="11" type="stmt"/>
      <line num="153" count="11" type="stmt"/>
      <line num="154" count="10" type="stmt"/>
      <line num="158" count="11" type="stmt"/>
      <line num="159" count="11" type="stmt"/>
      <line num="161" count="0" type="cond" truecount="0" falsecount="2"/>
      <line num="162" count="0" type="stmt"/>
      <line num="164" count="0" type="stmt"/>
      <line num="165" count="0" type="stmt"/>
      <line num="166" count="0" type="stmt"/>
      <line num="168" count="0" type="cond" truecount="0" falsecount="2"/>
      <line num="169" count="0" type="stmt"/>
      <line num="178" count="0" type="stmt"/>
      <line num="179" count="0" type="stmt"/>
      <line num="180" count="0" type="stmt"/>
      <line num="181" count="0" type="stmt"/>
      <line num="182" count="0" type="cond" truecount="0" falsecount="2"/>
      <line num="183" count="0" type="stmt"/>
      <line num="186" count="0" type="stmt"/>
      <line num="188" count="0" type="stmt"/>
      <line num="191" count="0" type="stmt"/>
      <line num="197" count="0" type="stmt"/>
      <line num="200" count="3" type="stmt"/>
      <line num="212" count="3" type="cond" truecount="4" falsecount="0"/>
      <line num="213" count="2" type="stmt"/>
      <line num="214" count="2" type="stmt"/>
      <line num="215" count="2" type="stmt"/>
      <line num="216" count="2" type="stmt"/>
    </file>
    <file name="theme.ts" path="D:\github\dream-admin-thin\src\utils\theme.ts">
      <metrics statements="7" coveredstatements="7" conditionals="14" coveredconditionals="14" methods="4" coveredmethods="4"/>
      <line num="6" count="4" type="stmt"/>
      <line num="8" count="4" type="stmt"/>
      <line num="9" count="1" type="stmt"/>
      <line num="15" count="4" type="stmt"/>
      <line num="16" count="2" type="stmt"/>
      <line num="17" count="4" type="cond" truecount="2" falsecount="0"/>
      <line num="31" count="4" type="stmt"/>
    </file>
    <file name="tree.ts" path="D:\github\dream-admin-thin\src\utils\tree.ts">
      <metrics statements="89" coveredstatements="88" conditionals="80" coveredconditionals="75" methods="10" coveredmethods="10"/>
      <line num="6" count="1" type="stmt"/>
      <line num="7" count="5" type="cond" truecount="2" falsecount="0"/>
      <line num="8" count="1" type="stmt"/>
      <line num="9" count="1" type="stmt"/>
      <line num="11" count="4" type="cond" truecount="4" falsecount="0"/>
      <line num="12" count="3" type="stmt"/>
      <line num="13" count="3" type="stmt"/>
      <line num="14" count="5" type="cond" truecount="2" falsecount="0"/>
      <line num="15" count="5" type="cond" truecount="2" falsecount="0"/>
      <line num="16" count="1" type="stmt"/>
      <line num="18" count="5" type="stmt"/>
      <line num="20" count="3" type="stmt"/>
      <line num="29" count="1" type="cond" truecount="1" falsecount="0"/>
      <line num="30" count="4" type="cond" truecount="2" falsecount="0"/>
      <line num="31" count="1" type="stmt"/>
      <line num="32" count="1" type="stmt"/>
      <line num="34" count="3" type="cond" truecount="4" falsecount="0"/>
      <line num="35" count="2" type="stmt"/>
      <line num="36" count="3" type="cond" truecount="4" falsecount="0"/>
      <line num="37" count="3" type="stmt"/>
      <line num="38" count="3" type="cond" truecount="1" falsecount="1"/>
      <line num="39" count="3" type="stmt"/>
      <line num="40" count="3" type="stmt"/>
      <line num="42" count="3" type="cond" truecount="1" falsecount="1"/>
      <line num="43" count="3" type="cond" truecount="1" falsecount="1"/>
      <line num="44" count="0" type="stmt"/>
      <line num="47" count="2" type="stmt"/>
      <line num="56" count="1" type="cond" truecount="1" falsecount="0"/>
      <line num="57" count="4" type="cond" truecount="2" falsecount="0"/>
      <line num="58" count="1" type="stmt"/>
      <line num="59" count="1" type="stmt"/>
      <line num="61" count="3" type="cond" truecount="4" falsecount="0"/>
      <line num="62" count="2" type="stmt"/>
      <line num="63" count="2" type="stmt"/>
      <line num="64" count="2" type="cond" truecount="2" falsecount="0"/>
      <line num="65" count="2" type="stmt"/>
      <line num="66" count="2" type="cond" truecount="2" falsecount="0"/>
      <line num="67" count="2" type="cond" truecount="2" falsecount="0"/>
      <line num="68" count="1" type="stmt"/>
      <line num="71" count="2" type="stmt"/>
      <line num="80" count="1" type="stmt"/>
      <line num="84" count="9" type="cond" truecount="2" falsecount="0"/>
      <line num="85" count="1" type="stmt"/>
      <line num="86" count="1" type="stmt"/>
      <line num="88" count="8" type="cond" truecount="4" falsecount="0"/>
      <line num="89" count="6" type="stmt"/>
      <line num="90" count="6" type="cond" truecount="2" falsecount="0"/>
      <line num="91" count="4" type="stmt"/>
      <line num="92" count="4" type="stmt"/>
      <line num="93" count="3" type="stmt"/>
      <line num="95" count="4" type="stmt"/>
      <line num="105" count="1" type="stmt"/>
      <line num="110" count="6" type="cond" truecount="2" falsecount="0"/>
      <line num="111" count="1" type="stmt"/>
      <line num="112" count="1" type="stmt"/>
      <line num="114" count="5" type="cond" truecount="4" falsecount="0"/>
      <line num="115" count="4" type="stmt"/>
      <line num="116" count="5" type="cond" truecount="2" falsecount="0"/>
      <line num="117" count="5" type="cond" truecount="2" falsecount="0"/>
      <line num="121" count="2" type="stmt"/>
      <line num="122" count="5" type="cond" truecount="2" falsecount="0"/>
      <line num="123" count="1" type="stmt"/>
      <line num="126" count="4" type="stmt"/>
      <line num="137" count="1" type="stmt"/>
      <line num="143" count="5" type="cond" truecount="2" falsecount="0"/>
      <line num="144" count="1" type="stmt"/>
      <line num="145" count="1" type="stmt"/>
      <line num="147" count="4" type="stmt"/>
      <line num="153" count="5" type="stmt"/>
      <line num="154" count="5" type="stmt"/>
      <line num="155" count="5" type="stmt"/>
      <line num="157" count="5" type="stmt"/>
      <line num="158" count="6" type="stmt"/>
      <line num="159" count="6" type="cond" truecount="2" falsecount="0"/>
      <line num="160" count="5" type="stmt"/>
      <line num="162" count="6" type="stmt"/>
      <line num="163" count="6" type="stmt"/>
      <line num="166" count="4" type="stmt"/>
      <line num="167" count="6" type="stmt"/>
      <line num="168" count="6" type="cond" truecount="2" falsecount="0"/>
      <line num="169" count="3" type="stmt"/>
      <line num="173" count="4" type="stmt"/>
      <line num="174" count="3" type="stmt"/>
      <line num="178" count="6" type="cond" truecount="1" falsecount="1"/>
      <line num="179" count="6" type="stmt"/>
      <line num="181" count="6" type="cond" truecount="2" falsecount="0"/>
      <line num="182" count="2" type="stmt"/>
      <line num="183" count="3" type="stmt"/>
      <line num="187" count="4" type="stmt"/>
    </file>
  </project>
</coverage>
