{"D:\\github\\dream-admin-thin\\src\\utils\\auth.ts": {"path":"D:\\github\\dream-admin-thin\\src\\utils\\auth.ts","statementMap":{"0":{"start":{"line":24,"column":23},"end":{"line":24,"column":null}},"1":{"start":{"line":25,"column":24},"end":{"line":25,"column":null}},"2":{"start":{"line":32,"column":31},"end":{"line":32,"column":null}},"3":{"start":{"line":37,"column":2},"end":{"line":39,"column":null}},"4":{"start":{"line":49,"column":16},"end":{"line":49,"column":null}},"5":{"start":{"line":50,"column":26},"end":{"line":50,"column":null}},"6":{"start":{"line":51,"column":33},"end":{"line":51,"column":null}},"7":{"start":{"line":52,"column":2},"end":{"line":52,"column":null}},"8":{"start":{"line":53,"column":23},"end":{"line":53,"column":null}},"9":{"start":{"line":55,"column":2},"end":{"line":59,"column":null}},"10":{"start":{"line":61,"column":2},"end":{"line":69,"column":null}},"11":{"start":{"line":80,"column":4},"end":{"line":80,"column":null}},"12":{"start":{"line":81,"column":4},"end":{"line":81,"column":null}},"13":{"start":{"line":82,"column":4},"end":{"line":82,"column":null}},"14":{"start":{"line":83,"column":4},"end":{"line":83,"column":null}},"15":{"start":{"line":84,"column":4},"end":{"line":84,"column":null}},"16":{"start":{"line":85,"column":4},"end":{"line":93,"column":null}},"17":{"start":{"line":96,"column":2},"end":{"line":128,"column":null}},"18":{"start":{"line":97,"column":28},"end":{"line":97,"column":null}},"19":{"start":{"line":98,"column":4},"end":{"line":106,"column":null}},"20":{"start":{"line":108,"column":10},"end":{"line":109,"column":null}},"21":{"start":{"line":110,"column":10},"end":{"line":110,"column":null}},"22":{"start":{"line":111,"column":10},"end":{"line":112,"column":null}},"23":{"start":{"line":113,"column":10},"end":{"line":114,"column":null}},"24":{"start":{"line":115,"column":10},"end":{"line":116,"column":null}},"25":{"start":{"line":117,"column":10},"end":{"line":118,"column":null}},"26":{"start":{"line":119,"column":4},"end":{"line":127,"column":null}},"27":{"start":{"line":133,"column":2},"end":{"line":133,"column":null}},"28":{"start":{"line":134,"column":2},"end":{"line":134,"column":null}},"29":{"start":{"line":135,"column":2},"end":{"line":135,"column":null}},"30":{"start":{"line":139,"column":27},"end":{"line":141,"column":null}},"31":{"start":{"line":140,"column":2},"end":{"line":140,"column":null}},"32":{"start":{"line":144,"column":24},"end":{"line":154,"column":null}},"33":{"start":{"line":145,"column":2},"end":{"line":145,"column":null}},"34":{"start":{"line":145,"column":14},"end":{"line":145,"column":null}},"35":{"start":{"line":146,"column":19},"end":{"line":146,"column":null}},"36":{"start":{"line":147,"column":22},"end":{"line":147,"column":null}},"37":{"start":{"line":148,"column":2},"end":{"line":148,"column":null}},"38":{"start":{"line":148,"column":20},"end":{"line":148,"column":null}},"39":{"start":{"line":149,"column":2},"end":{"line":149,"column":null}},"40":{"start":{"line":149,"column":63},"end":{"line":149,"column":null}},"41":{"start":{"line":150,"column":8},"end":{"line":152,"column":null}},"42":{"start":{"line":153,"column":2},"end":{"line":153,"column":null}},"43":{"start":{"line":158,"column":8},"end":{"line":159,"column":null}},"44":{"start":{"line":160,"column":2},"end":{"line":160,"column":null}},"45":{"start":{"line":161,"column":2},"end":{"line":161,"column":null}}},"fnMap":{"0":{"name":"getToken","decl":{"start":{"line":35,"column":16},"end":{"line":35,"column":45}},"loc":{"start":{"line":35,"column":45},"end":{"line":40,"column":null}},"line":35},"1":{"name":"setToken","decl":{"start":{"line":48,"column":16},"end":{"line":48,"column":25}},"loc":{"start":{"line":48,"column":47},"end":{"line":129,"column":null}},"line":48},"2":{"name":"setUserKey","decl":{"start":{"line":71,"column":11},"end":{"line":71,"column":22}},"loc":{"start":{"line":79,"column":5},"end":{"line":94,"column":null}},"line":79},"3":{"name":"removeToken","decl":{"start":{"line":132,"column":16},"end":{"line":132,"column":30}},"loc":{"start":{"line":132,"column":30},"end":{"line":136,"column":null}},"line":132},"4":{"name":"(anonymous_4)","decl":{"start":{"line":139,"column":27},"end":{"line":139,"column":28}},"loc":{"start":{"line":139,"column":54},"end":{"line":141,"column":null}},"line":139},"5":{"name":"(anonymous_5)","decl":{"start":{"line":144,"column":24},"end":{"line":144,"column":25}},"loc":{"start":{"line":144,"column":68},"end":{"line":154,"column":null}},"line":144},"6":{"name":"putUserInfo","decl":{"start":{"line":157,"column":16},"end":{"line":157,"column":28}},"loc":{"start":{"line":157,"column":34},"end":{"line":162,"column":null}},"line":157}},"branchMap":{"0":{"loc":{"start":{"line":37,"column":9},"end":{"line":39,"column":null}},"type":"cond-expr","locations":[{"start":{"line":38,"column":6},"end":{"line":38,"column":null}},{"start":{"line":38,"column":38},"end":{"line":39,"column":null}}],"line":37},"1":{"loc":{"start":{"line":55,"column":2},"end":{"line":59,"column":null}},"type":"cond-expr","locations":[{"start":{"line":56,"column":6},"end":{"line":58,"column":null}},{"start":{"line":59,"column":6},"end":{"line":59,"column":null}}],"line":55},"2":{"loc":{"start":{"line":64,"column":4},"end":{"line":68,"column":null}},"type":"cond-expr","locations":[{"start":{"line":65,"column":8},"end":{"line":67,"column":null}},{"start":{"line":68,"column":8},"end":{"line":68,"column":null}}],"line":64},"3":{"loc":{"start":{"line":96,"column":2},"end":{"line":128,"column":null}},"type":"if","locations":[{"start":{"line":96,"column":2},"end":{"line":128,"column":null}},{"start":{"line":107,"column":9},"end":{"line":128,"column":null}}],"line":96},"4":{"loc":{"start":{"line":96,"column":6},"end":{"line":96,"column":35}},"type":"binary-expr","locations":[{"start":{"line":96,"column":6},"end":{"line":96,"column":23}},{"start":{"line":96,"column":23},"end":{"line":96,"column":35}}],"line":96},"5":{"loc":{"start":{"line":101,"column":14},"end":{"line":101,"column":null}},"type":"binary-expr","locations":[{"start":{"line":101,"column":14},"end":{"line":101,"column":34}},{"start":{"line":101,"column":34},"end":{"line":101,"column":null}}],"line":101},"6":{"loc":{"start":{"line":102,"column":16},"end":{"line":102,"column":null}},"type":"binary-expr","locations":[{"start":{"line":102,"column":16},"end":{"line":102,"column":34}},{"start":{"line":102,"column":34},"end":{"line":102,"column":null}}],"line":102},"7":{"loc":{"start":{"line":103,"column":16},"end":{"line":103,"column":null}},"type":"binary-expr","locations":[{"start":{"line":103,"column":16},"end":{"line":103,"column":34}},{"start":{"line":103,"column":34},"end":{"line":103,"column":null}}],"line":103},"8":{"loc":{"start":{"line":105,"column":19},"end":{"line":105,"column":null}},"type":"binary-expr","locations":[{"start":{"line":105,"column":19},"end":{"line":105,"column":40}},{"start":{"line":105,"column":40},"end":{"line":105,"column":null}}],"line":105},"9":{"loc":{"start":{"line":108,"column":10},"end":{"line":109,"column":null}},"type":"binary-expr","locations":[{"start":{"line":108,"column":10},"end":{"line":109,"column":77}},{"start":{"line":109,"column":77},"end":{"line":109,"column":null}}],"line":108},"10":{"loc":{"start":{"line":110,"column":10},"end":{"line":110,"column":null}},"type":"binary-expr","locations":[{"start":{"line":110,"column":10},"end":{"line":110,"column":76}},{"start":{"line":110,"column":76},"end":{"line":110,"column":null}}],"line":110},"11":{"loc":{"start":{"line":111,"column":10},"end":{"line":112,"column":null}},"type":"binary-expr","locations":[{"start":{"line":111,"column":10},"end":{"line":112,"column":75}},{"start":{"line":112,"column":75},"end":{"line":112,"column":null}}],"line":111},"12":{"loc":{"start":{"line":113,"column":10},"end":{"line":114,"column":null}},"type":"binary-expr","locations":[{"start":{"line":113,"column":10},"end":{"line":114,"column":75}},{"start":{"line":114,"column":75},"end":{"line":114,"column":null}}],"line":113},"13":{"loc":{"start":{"line":115,"column":10},"end":{"line":116,"column":null}},"type":"binary-expr","locations":[{"start":{"line":115,"column":10},"end":{"line":116,"column":66}},{"start":{"line":116,"column":66},"end":{"line":116,"column":null}}],"line":115},"14":{"loc":{"start":{"line":117,"column":10},"end":{"line":118,"column":null}},"type":"binary-expr","locations":[{"start":{"line":117,"column":10},"end":{"line":118,"column":72}},{"start":{"line":118,"column":72},"end":{"line":118,"column":null}}],"line":117},"15":{"loc":{"start":{"line":145,"column":2},"end":{"line":145,"column":null}},"type":"if","locations":[{"start":{"line":145,"column":2},"end":{"line":145,"column":null}},{"start":{},"end":{}}],"line":145},"16":{"loc":{"start":{"line":148,"column":2},"end":{"line":148,"column":null}},"type":"if","locations":[{"start":{"line":148,"column":2},"end":{"line":148,"column":null}},{"start":{},"end":{}}],"line":148},"17":{"loc":{"start":{"line":149,"column":2},"end":{"line":149,"column":null}},"type":"if","locations":[{"start":{"line":149,"column":2},"end":{"line":149,"column":null}},{"start":{},"end":{}}],"line":149},"18":{"loc":{"start":{"line":149,"column":6},"end":{"line":149,"column":63}},"type":"binary-expr","locations":[{"start":{"line":149,"column":6},"end":{"line":149,"column":34}},{"start":{"line":149,"column":34},"end":{"line":149,"column":63}}],"line":149},"19":{"loc":{"start":{"line":150,"column":8},"end":{"line":152,"column":null}},"type":"cond-expr","locations":[{"start":{"line":151,"column":6},"end":{"line":151,"column":null}},{"start":{"line":151,"column":32},"end":{"line":152,"column":null}}],"line":150},"20":{"loc":{"start":{"line":153,"column":9},"end":{"line":153,"column":null}},"type":"cond-expr","locations":[{"start":{"line":153,"column":19},"end":{"line":153,"column":26}},{"start":{"line":153,"column":26},"end":{"line":153,"column":null}}],"line":153}},"s":{"0":1,"1":1,"2":1,"3":2,"4":2,"5":2,"6":2,"7":2,"8":2,"9":2,"10":2,"11":2,"12":2,"13":2,"14":2,"15":2,"16":2,"17":2,"18":1,"19":1,"20":1,"21":1,"22":1,"23":1,"24":1,"25":1,"26":1,"27":1,"28":1,"29":1,"30":1,"31":1,"32":1,"33":5,"34":1,"35":4,"36":4,"37":4,"38":0,"39":4,"40":1,"41":3,"42":5,"43":1,"44":1,"45":1},"f":{"0":2,"1":2,"2":2,"3":1,"4":1,"5":5,"6":1},"b":{"0":[1,1],"1":[2,0],"2":[0,2],"3":[1,1],"4":[2,1],"5":[1,0],"6":[1,0],"7":[1,0],"8":[1,1],"9":[1,0],"10":[1,0],"11":[1,0],"12":[1,0],"13":[1,0],"14":[1,0],"15":[1,4],"16":[0,4],"17":[1,3],"18":[4,3],"19":[2,1],"20":[2,1]},"meta":{"lastBranch":21,"lastFunction":7,"lastStatement":46,"seen":{"s:24:23:24:Infinity":0,"s:25:24:25:Infinity":1,"s:32:31:32:Infinity":2,"f:35:16:35:45":0,"s:37:2:39:Infinity":3,"b:38:6:38:Infinity:38:38:39:Infinity":0,"f:48:16:48:25":1,"s:49:16:49:Infinity":4,"s:50:26:50:Infinity":5,"s:51:33:51:Infinity":6,"s:52:2:52:Infinity":7,"s:53:23:53:Infinity":8,"s:55:2:59:Infinity":9,"b:56:6:58:Infinity:59:6:59:Infinity":1,"s:61:2:69:Infinity":10,"b:65:8:67:Infinity:68:8:68:Infinity":2,"f:71:11:71:22":2,"s:80:4:80:Infinity":11,"s:81:4:81:Infinity":12,"s:82:4:82:Infinity":13,"s:83:4:83:Infinity":14,"s:84:4:84:Infinity":15,"s:85:4:93:Infinity":16,"b:96:2:128:Infinity:107:9:128:Infinity":3,"s:96:2:128:Infinity":17,"b:96:6:96:23:96:23:96:35":4,"s:97:28:97:Infinity":18,"s:98:4:106:Infinity":19,"b:101:14:101:34:101:34:101:Infinity":5,"b:102:16:102:34:102:34:102:Infinity":6,"b:103:16:103:34:103:34:103:Infinity":7,"b:105:19:105:40:105:40:105:Infinity":8,"s:108:10:109:Infinity":20,"b:108:10:109:77:109:77:109:Infinity":9,"s:110:10:110:Infinity":21,"b:110:10:110:76:110:76:110:Infinity":10,"s:111:10:112:Infinity":22,"b:111:10:112:75:112:75:112:Infinity":11,"s:113:10:114:Infinity":23,"b:113:10:114:75:114:75:114:Infinity":12,"s:115:10:116:Infinity":24,"b:115:10:116:66:116:66:116:Infinity":13,"s:117:10:118:Infinity":25,"b:117:10:118:72:118:72:118:Infinity":14,"s:119:4:127:Infinity":26,"f:132:16:132:30":3,"s:133:2:133:Infinity":27,"s:134:2:134:Infinity":28,"s:135:2:135:Infinity":29,"s:139:27:141:Infinity":30,"f:139:27:139:28":4,"s:140:2:140:Infinity":31,"s:144:24:154:Infinity":32,"f:144:24:144:25":5,"b:145:2:145:Infinity:undefined:undefined:undefined:undefined":15,"s:145:2:145:Infinity":33,"s:145:14:145:Infinity":34,"s:146:19:146:Infinity":35,"s:147:22:147:Infinity":36,"b:148:2:148:Infinity:undefined:undefined:undefined:undefined":16,"s:148:2:148:Infinity":37,"s:148:20:148:Infinity":38,"b:149:2:149:Infinity:undefined:undefined:undefined:undefined":17,"s:149:2:149:Infinity":39,"b:149:6:149:34:149:34:149:63":18,"s:149:63:149:Infinity":40,"s:150:8:152:Infinity":41,"b:151:6:151:Infinity:151:32:152:Infinity":19,"s:153:2:153:Infinity":42,"b:153:19:153:26:153:26:153:Infinity":20,"f:157:16:157:28":6,"s:158:8:159:Infinity":43,"s:160:2:160:Infinity":44,"s:161:2:161:Infinity":45}}}
,"D:\\github\\dream-admin-thin\\src\\utils\\message.ts": {"path":"D:\\github\\dream-admin-thin\\src\\utils\\message.ts","statementMap":{"0":{"start":{"line":40,"column":16},"end":{"line":82,"column":null}},"1":{"start":{"line":44,"column":2},"end":{"line":81,"column":null}},"2":{"start":{"line":45,"column":4},"end":{"line":48,"column":null}},"3":{"start":{"line":63,"column":8},"end":{"line":63,"column":null}},"4":{"start":{"line":65,"column":4},"end":{"line":80,"column":null}},"5":{"start":{"line":79,"column":15},"end":{"line":79,"column":null}},"6":{"start":{"line":87,"column":24},"end":{"line":87,"column":null}},"7":{"start":{"line":87,"column":36},"end":{"line":87,"column":null}}},"fnMap":{"0":{"name":"(anonymous_0)","decl":{"start":{"line":40,"column":16},"end":{"line":40,"column":null}},"loc":{"start":{"line":43,"column":21},"end":{"line":82,"column":null}},"line":43},"1":{"name":"(anonymous_1)","decl":{"start":{"line":79,"column":15},"end":{"line":79,"column":22}},"loc":{"start":{"line":79,"column":15},"end":{"line":79,"column":null}},"line":79},"2":{"name":"(anonymous_2)","decl":{"start":{"line":87,"column":24},"end":{"line":87,"column":36}},"loc":{"start":{"line":87,"column":36},"end":{"line":87,"column":null}},"line":87}},"branchMap":{"0":{"loc":{"start":{"line":44,"column":2},"end":{"line":81,"column":null}},"type":"if","locations":[{"start":{"line":44,"column":2},"end":{"line":81,"column":null}},{"start":{"line":49,"column":9},"end":{"line":81,"column":null}}],"line":44},"1":{"loc":{"start":{"line":52,"column":6},"end":{"line":52,"column":null}},"type":"default-arg","locations":[{"start":{"line":52,"column":13},"end":{"line":52,"column":null}}],"line":52},"2":{"loc":{"start":{"line":53,"column":6},"end":{"line":53,"column":null}},"type":"default-arg","locations":[{"start":{"line":53,"column":14},"end":{"line":53,"column":null}}],"line":53},"3":{"loc":{"start":{"line":54,"column":6},"end":{"line":54,"column":null}},"type":"default-arg","locations":[{"start":{"line":54,"column":33},"end":{"line":54,"column":null}}],"line":54},"4":{"loc":{"start":{"line":55,"column":6},"end":{"line":55,"column":null}},"type":"default-arg","locations":[{"start":{"line":55,"column":20},"end":{"line":55,"column":null}}],"line":55},"5":{"loc":{"start":{"line":56,"column":6},"end":{"line":56,"column":null}},"type":"default-arg","locations":[{"start":{"line":56,"column":17},"end":{"line":56,"column":null}}],"line":56},"6":{"loc":{"start":{"line":57,"column":6},"end":{"line":57,"column":null}},"type":"default-arg","locations":[{"start":{"line":57,"column":18},"end":{"line":57,"column":null}}],"line":57},"7":{"loc":{"start":{"line":58,"column":6},"end":{"line":58,"column":null}},"type":"default-arg","locations":[{"start":{"line":58,"column":15},"end":{"line":58,"column":null}}],"line":58},"8":{"loc":{"start":{"line":59,"column":6},"end":{"line":59,"column":null}},"type":"default-arg","locations":[{"start":{"line":59,"column":17},"end":{"line":59,"column":null}}],"line":59},"9":{"loc":{"start":{"line":60,"column":6},"end":{"line":60,"column":null}},"type":"default-arg","locations":[{"start":{"line":60,"column":17},"end":{"line":60,"column":null}}],"line":60},"10":{"loc":{"start":{"line":61,"column":6},"end":{"line":61,"column":null}},"type":"default-arg","locations":[{"start":{"line":61,"column":18},"end":{"line":61,"column":null}}],"line":61},"11":{"loc":{"start":{"line":78,"column":19},"end":{"line":78,"column":null}},"type":"cond-expr","locations":[{"start":{"line":78,"column":44},"end":{"line":78,"column":61}},{"start":{"line":78,"column":61},"end":{"line":78,"column":null}}],"line":78},"12":{"loc":{"start":{"line":79,"column":15},"end":{"line":79,"column":null}},"type":"cond-expr","locations":[{"start":{"line":79,"column":44},"end":{"line":79,"column":56}},{"start":{"line":79,"column":56},"end":{"line":79,"column":null}}],"line":79}},"s":{"0":1,"1":5,"2":1,"3":4,"4":4,"5":2,"6":1,"7":1},"f":{"0":5,"1":2,"2":1},"b":{"0":[1,4],"1":[4],"2":[4],"3":[4],"4":[4],"5":[4],"6":[4],"7":[4],"8":[4],"9":[4],"10":[4],"11":[3,1],"12":[1,1]},"meta":{"lastBranch":13,"lastFunction":3,"lastStatement":8,"seen":{"s:40:16:82:Infinity":0,"f:40:16:40:Infinity":0,"b:44:2:81:Infinity:49:9:81:Infinity":0,"s:44:2:81:Infinity":1,"s:45:4:48:Infinity":2,"s:63:8:63:Infinity":3,"b:52:13:52:Infinity":1,"b:53:14:53:Infinity":2,"b:54:33:54:Infinity":3,"b:55:20:55:Infinity":4,"b:56:17:56:Infinity":5,"b:57:18:57:Infinity":6,"b:58:15:58:Infinity":7,"b:59:17:59:Infinity":8,"b:60:17:60:Infinity":9,"b:61:18:61:Infinity":10,"s:65:4:80:Infinity":4,"b:78:44:78:61:78:61:78:Infinity":11,"f:79:15:79:22":1,"s:79:15:79:Infinity":5,"b:79:44:79:56:79:56:79:Infinity":12,"s:87:24:87:Infinity":6,"f:87:24:87:36":2,"s:87:36:87:Infinity":7}}}
,"D:\\github\\dream-admin-thin\\src\\utils\\mitt.ts": {"path":"D:\\github\\dream-admin-thin\\src\\utils\\mitt.ts","statementMap":{"0":{"start":{"line":14,"column":13},"end":{"line":14,"column":null}}},"fnMap":{},"branchMap":{},"s":{"0":1},"f":{},"b":{},"meta":{"lastBranch":0,"lastFunction":0,"lastStatement":1,"seen":{"s:14:13:14:Infinity":0}}}
,"D:\\github\\dream-admin-thin\\src\\utils\\preventDefault.ts": {"path":"D:\\github\\dream-admin-thin\\src\\utils\\preventDefault.ts","statementMap":{"0":{"start":{"line":5,"column":2},"end":{"line":7,"column":null}},"1":{"start":{"line":11,"column":33},"end":{"line":28,"column":null}},"2":{"start":{"line":13,"column":2},"end":{"line":17,"column":null}},"3":{"start":{"line":16,"column":10},"end":{"line":16,"column":null}},"4":{"start":{"line":19,"column":2},"end":{"line":19,"column":null}},"5":{"start":{"line":19,"column":57},"end":{"line":19,"column":76}},"6":{"start":{"line":21,"column":2},"end":{"line":21,"column":null}},"7":{"start":{"line":21,"column":57},"end":{"line":21,"column":76}},"8":{"start":{"line":23,"column":2},"end":{"line":27,"column":null}},"9":{"start":{"line":26,"column":10},"end":{"line":26,"column":null}}},"fnMap":{"0":{"name":"isImgElement","decl":{"start":{"line":4,"column":9},"end":{"line":4,"column":22}},"loc":{"start":{"line":4,"column":31},"end":{"line":8,"column":null}},"line":4},"1":{"name":"(anonymous_1)","decl":{"start":{"line":11,"column":33},"end":{"line":11,"column":39}},"loc":{"start":{"line":11,"column":39},"end":{"line":28,"column":null}},"line":11},"2":{"name":"(anonymous_2)","decl":{"start":{"line":16,"column":4},"end":{"line":16,"column":10}},"loc":{"start":{"line":16,"column":10},"end":{"line":16,"column":null}},"line":16},"3":{"name":"(anonymous_3)","decl":{"start":{"line":19,"column":51},"end":{"line":19,"column":57}},"loc":{"start":{"line":19,"column":57},"end":{"line":19,"column":76}},"line":19},"4":{"name":"(anonymous_4)","decl":{"start":{"line":21,"column":51},"end":{"line":21,"column":57}},"loc":{"start":{"line":21,"column":57},"end":{"line":21,"column":76}},"line":21},"5":{"name":"(anonymous_5)","decl":{"start":{"line":26,"column":4},"end":{"line":26,"column":10}},"loc":{"start":{"line":26,"column":10},"end":{"line":26,"column":null}},"line":26}},"branchMap":{"0":{"loc":{"start":{"line":5,"column":9},"end":{"line":7,"column":null}},"type":"cond-expr","locations":[{"start":{"line":6,"column":6},"end":{"line":6,"column":null}},{"start":{"line":7,"column":6},"end":{"line":7,"column":null}}],"line":5},"1":{"loc":{"start":{"line":16,"column":10},"end":{"line":16,"column":null}},"type":"binary-expr","locations":[{"start":{"line":16,"column":10},"end":{"line":16,"column":30}},{"start":{"line":16,"column":30},"end":{"line":16,"column":null}}],"line":16},"2":{"loc":{"start":{"line":26,"column":10},"end":{"line":26,"column":null}},"type":"binary-expr","locations":[{"start":{"line":26,"column":10},"end":{"line":26,"column":38}},{"start":{"line":26,"column":38},"end":{"line":26,"column":null}}],"line":26}},"s":{"0":2,"1":1,"2":5,"3":2,"4":5,"5":1,"6":5,"7":1,"8":5,"9":2},"f":{"0":2,"1":5,"2":2,"3":1,"4":1,"5":2},"b":{"0":[0,2],"1":[2,1],"2":[2,1]},"meta":{"lastBranch":3,"lastFunction":6,"lastStatement":10,"seen":{"f:4:9:4:22":0,"s:5:2:7:Infinity":0,"b:6:6:6:Infinity:7:6:7:Infinity":0,"s:11:33:28:Infinity":1,"f:11:33:11:39":1,"s:13:2:17:Infinity":2,"f:16:4:16:10":2,"s:16:10:16:Infinity":3,"b:16:10:16:30:16:30:16:Infinity":1,"s:19:2:19:Infinity":4,"f:19:51:19:57":3,"s:19:57:19:76":5,"s:21:2:21:Infinity":6,"f:21:51:21:57":4,"s:21:57:21:76":7,"s:23:2:27:Infinity":8,"f:26:4:26:10":5,"s:26:10:26:Infinity":9,"b:26:10:26:38:26:38:26:Infinity":2}}}
,"D:\\github\\dream-admin-thin\\src\\utils\\print.ts": {"path":"D:\\github\\dream-admin-thin\\src\\utils\\print.ts","statementMap":{"0":{"start":{"line":8,"column":14},"end":{"line":43,"column":null}},"1":{"start":{"line":9,"column":2},"end":{"line":9,"column":null}},"2":{"start":{"line":11,"column":2},"end":{"line":11,"column":null}},"3":{"start":{"line":11,"column":32},"end":{"line":11,"column":null}},"4":{"start":{"line":13,"column":2},"end":{"line":21,"column":null}},"5":{"start":{"line":23,"column":2},"end":{"line":28,"column":null}},"6":{"start":{"line":24,"column":4},"end":{"line":27,"column":null}},"7":{"start":{"line":26,"column":6},"end":{"line":26,"column":null}},"8":{"start":{"line":29,"column":2},"end":{"line":35,"column":null}},"9":{"start":{"line":31,"column":4},"end":{"line":31,"column":null}},"10":{"start":{"line":34,"column":4},"end":{"line":34,"column":null}},"11":{"start":{"line":37,"column":2},"end":{"line":40,"column":null}},"12":{"start":{"line":39,"column":4},"end":{"line":39,"column":null}},"13":{"start":{"line":42,"column":2},"end":{"line":42,"column":null}},"14":{"start":{"line":45,"column":0},"end":{"line":221,"column":null}},"15":{"start":{"line":50,"column":20},"end":{"line":50,"column":null}},"16":{"start":{"line":51,"column":4},"end":{"line":51,"column":null}},"17":{"start":{"line":59,"column":4},"end":{"line":61,"column":null}},"18":{"start":{"line":60,"column":6},"end":{"line":60,"column":null}},"19":{"start":{"line":62,"column":4},"end":{"line":62,"column":null}},"20":{"start":{"line":68,"column":14},"end":{"line":68,"column":null}},"21":{"start":{"line":69,"column":40},"end":{"line":69,"column":null}},"22":{"start":{"line":70,"column":4},"end":{"line":72,"column":null}},"23":{"start":{"line":70,"column":17},"end":{"line":70,"column":20}},"24":{"start":{"line":71,"column":6},"end":{"line":71,"column":null}},"25":{"start":{"line":73,"column":4},"end":{"line":73,"column":null}},"26":{"start":{"line":74,"column":4},"end":{"line":74,"column":null}},"27":{"start":{"line":78,"column":19},"end":{"line":78,"column":null}},"28":{"start":{"line":79,"column":20},"end":{"line":79,"column":null}},"29":{"start":{"line":80,"column":22},"end":{"line":80,"column":null}},"30":{"start":{"line":81,"column":20},"end":{"line":81,"column":null}},"31":{"start":{"line":83,"column":4},"end":{"line":95,"column":null}},"32":{"start":{"line":83,"column":17},"end":{"line":83,"column":20}},"33":{"start":{"line":84,"column":6},"end":{"line":94,"column":null}},"34":{"start":{"line":85,"column":8},"end":{"line":89,"column":null}},"35":{"start":{"line":86,"column":10},"end":{"line":86,"column":null}},"36":{"start":{"line":88,"column":10},"end":{"line":88,"column":null}},"37":{"start":{"line":90,"column":6},"end":{"line":94,"column":null}},"38":{"start":{"line":91,"column":8},"end":{"line":91,"column":null}},"39":{"start":{"line":93,"column":8},"end":{"line":93,"column":null}},"40":{"start":{"line":97,"column":4},"end":{"line":101,"column":null}},"41":{"start":{"line":97,"column":18},"end":{"line":97,"column":21}},"42":{"start":{"line":98,"column":6},"end":{"line":100,"column":null}},"43":{"start":{"line":99,"column":8},"end":{"line":99,"column":null}},"44":{"start":{"line":103,"column":4},"end":{"line":116,"column":null}},"45":{"start":{"line":103,"column":18},"end":{"line":103,"column":21}},"46":{"start":{"line":104,"column":6},"end":{"line":115,"column":null}},"47":{"start":{"line":105,"column":22},"end":{"line":105,"column":null}},"48":{"start":{"line":106,"column":8},"end":{"line":114,"column":null}},"49":{"start":{"line":107,"column":10},"end":{"line":113,"column":null}},"50":{"start":{"line":108,"column":12},"end":{"line":112,"column":null}},"51":{"start":{"line":109,"column":14},"end":{"line":109,"column":null}},"52":{"start":{"line":111,"column":14},"end":{"line":111,"column":null}},"53":{"start":{"line":118,"column":4},"end":{"line":125,"column":null}},"54":{"start":{"line":118,"column":18},"end":{"line":118,"column":21}},"55":{"start":{"line":119,"column":23},"end":{"line":119,"column":null}},"56":{"start":{"line":120,"column":18},"end":{"line":120,"column":null}},"57":{"start":{"line":121,"column":6},"end":{"line":121,"column":null}},"58":{"start":{"line":122,"column":6},"end":{"line":122,"column":null}},"59":{"start":{"line":123,"column":6},"end":{"line":123,"column":null}},"60":{"start":{"line":124,"column":6},"end":{"line":124,"column":null}},"61":{"start":{"line":127,"column":4},"end":{"line":127,"column":null}},"62":{"start":{"line":135,"column":38},"end":{"line":135,"column":null}},"63":{"start":{"line":136,"column":33},"end":{"line":136,"column":null}},"64":{"start":{"line":137,"column":4},"end":{"line":137,"column":null}},"65":{"start":{"line":138,"column":4},"end":{"line":141,"column":null}},"66":{"start":{"line":144,"column":4},"end":{"line":144,"column":null}},"67":{"start":{"line":147,"column":4},"end":{"line":147,"column":null}},"68":{"start":{"line":148,"column":4},"end":{"line":148,"column":null}},"69":{"start":{"line":149,"column":4},"end":{"line":149,"column":null}},"70":{"start":{"line":150,"column":4},"end":{"line":150,"column":null}},"71":{"start":{"line":152,"column":20},"end":{"line":152,"column":null}},"72":{"start":{"line":153,"column":4},"end":{"line":155,"column":null}},"73":{"start":{"line":153,"column":17},"end":{"line":153,"column":20}},"74":{"start":{"line":154,"column":6},"end":{"line":154,"column":null}},"75":{"start":{"line":158,"column":18},"end":{"line":158,"column":null}},"76":{"start":{"line":159,"column":4},"end":{"line":172,"column":null}},"77":{"start":{"line":161,"column":6},"end":{"line":163,"column":null}},"78":{"start":{"line":162,"column":8},"end":{"line":162,"column":null}},"79":{"start":{"line":164,"column":6},"end":{"line":164,"column":null}},"80":{"start":{"line":165,"column":6},"end":{"line":171,"column":null}},"81":{"start":{"line":166,"column":8},"end":{"line":166,"column":null}},"82":{"start":{"line":168,"column":8},"end":{"line":170,"column":null}},"83":{"start":{"line":169,"column":10},"end":{"line":169,"column":null}},"84":{"start":{"line":178,"column":4},"end":{"line":192,"column":null}},"85":{"start":{"line":179,"column":6},"end":{"line":189,"column":null}},"86":{"start":{"line":180,"column":8},"end":{"line":180,"column":null}},"87":{"start":{"line":181,"column":8},"end":{"line":187,"column":null}},"88":{"start":{"line":182,"column":10},"end":{"line":184,"column":null}},"89":{"start":{"line":183,"column":12},"end":{"line":183,"column":null}},"90":{"start":{"line":186,"column":10},"end":{"line":186,"column":null}},"91":{"start":{"line":188,"column":8},"end":{"line":188,"column":null}},"92":{"start":{"line":191,"column":6},"end":{"line":191,"column":null}},"93":{"start":{"line":197,"column":10},"end":{"line":197,"column":null}},"94":{"start":{"line":200,"column":10},"end":{"line":204,"column":null}},"95":{"start":{"line":212,"column":4},"end":{"line":219,"column":null}},"96":{"start":{"line":213,"column":6},"end":{"line":218,"column":null}},"97":{"start":{"line":214,"column":23},"end":{"line":214,"column":null}},"98":{"start":{"line":215,"column":8},"end":{"line":217,"column":null}},"99":{"start":{"line":216,"column":10},"end":{"line":216,"column":null}}},"fnMap":{"0":{"name":"(anonymous_0)","decl":{"start":{"line":8,"column":14},"end":{"line":8,"column":24}},"loc":{"start":{"line":8,"column":62},"end":{"line":43,"column":null}},"line":8},"1":{"name":"(anonymous_1)","decl":{"start":{"line":49,"column":2},"end":{"line":49,"column":8}},"loc":{"start":{"line":49,"column":26},"end":{"line":52,"column":null}},"line":49},"2":{"name":"(anonymous_2)","decl":{"start":{"line":58,"column":2},"end":{"line":58,"column":17}},"loc":{"start":{"line":58,"column":47},"end":{"line":63,"column":null}},"line":58},"3":{"name":"(anonymous_3)","decl":{"start":{"line":67,"column":2},"end":{"line":67,"column":12}},"loc":{"start":{"line":67,"column":32},"end":{"line":75,"column":null}},"line":67},"4":{"name":"(anonymous_4)","decl":{"start":{"line":77,"column":2},"end":{"line":77,"column":11}},"loc":{"start":{"line":77,"column":32},"end":{"line":128,"column":null}},"line":77},"5":{"name":"(anonymous_5)","decl":{"start":{"line":132,"column":2},"end":{"line":132,"column":15}},"loc":{"start":{"line":132,"column":34},"end":{"line":173,"column":null}},"line":132},"6":{"name":"(anonymous_6)","decl":{"start":{"line":159,"column":20},"end":{"line":159,"column":38}},"loc":{"start":{"line":159,"column":38},"end":{"line":172,"column":null}},"line":159},"7":{"name":"(anonymous_7)","decl":{"start":{"line":165,"column":17},"end":{"line":165,"column":29}},"loc":{"start":{"line":165,"column":29},"end":{"line":171,"column":9}},"line":165},"8":{"name":"(anonymous_8)","decl":{"start":{"line":177,"column":2},"end":{"line":177,"column":11}},"loc":{"start":{"line":177,"column":40},"end":{"line":193,"column":null}},"line":177},"9":{"name":"(anonymous_9)","decl":{"start":{"line":179,"column":17},"end":{"line":179,"column":29}},"loc":{"start":{"line":179,"column":29},"end":{"line":189,"column":9}},"line":179},"10":{"name":"(anonymous_10)","decl":{"start":{"line":196,"column":8},"end":{"line":196,"column":18}},"loc":{"start":{"line":196,"column":23},"end":{"line":198,"column":null}},"line":196},"11":{"name":"(anonymous_11)","decl":{"start":{"line":199,"column":8},"end":{"line":199,"column":18}},"loc":{"start":{"line":199,"column":23},"end":{"line":206,"column":null}},"line":199},"12":{"name":"(anonymous_12)","decl":{"start":{"line":211,"column":2},"end":{"line":211,"column":15}},"loc":{"start":{"line":211,"column":20},"end":{"line":220,"column":null}},"line":211},"13":{"name":"(anonymous_13)","decl":{"start":{"line":213,"column":18},"end":{"line":213,"column":26}},"loc":{"start":{"line":213,"column":26},"end":{"line":218,"column":7}},"line":213},"14":{"name":"(anonymous_14)","decl":{"start":{"line":215,"column":23},"end":{"line":215,"column":30}},"loc":{"start":{"line":215,"column":30},"end":{"line":217,"column":9}},"line":215}},"branchMap":{"0":{"loc":{"start":{"line":9,"column":12},"end":{"line":9,"column":null}},"type":"binary-expr","locations":[{"start":{"line":9,"column":12},"end":{"line":9,"column":23}},{"start":{"line":9,"column":23},"end":{"line":9,"column":null}}],"line":9},"1":{"loc":{"start":{"line":11,"column":2},"end":{"line":11,"column":null}},"type":"if","locations":[{"start":{"line":11,"column":2},"end":{"line":11,"column":null}},{"start":{},"end":{}}],"line":11},"2":{"loc":{"start":{"line":24,"column":4},"end":{"line":27,"column":null}},"type":"if","locations":[{"start":{"line":24,"column":4},"end":{"line":27,"column":null}},{"start":{},"end":{}}],"line":24},"3":{"loc":{"start":{"line":24,"column":8},"end":{"line":24,"column":44}},"type":"binary-expr","locations":[{"start":{"line":24,"column":8},"end":{"line":24,"column":15}},{"start":{"line":24,"column":15},"end":{"line":24,"column":44}}],"line":24},"4":{"loc":{"start":{"line":29,"column":2},"end":{"line":35,"column":null}},"type":"if","locations":[{"start":{"line":29,"column":2},"end":{"line":35,"column":null}},{"start":{"line":32,"column":9},"end":{"line":35,"column":null}}],"line":29},"5":{"loc":{"start":{"line":34,"column":15},"end":{"line":34,"column":null}},"type":"cond-expr","locations":[{"start":{"line":34,"column":33},"end":{"line":34,"column":39}},{"start":{"line":34,"column":39},"end":{"line":34,"column":null}}],"line":34},"6":{"loc":{"start":{"line":37,"column":2},"end":{"line":40,"column":null}},"type":"if","locations":[{"start":{"line":37,"column":2},"end":{"line":40,"column":null}},{"start":{},"end":{}}],"line":37},"7":{"loc":{"start":{"line":37,"column":6},"end":{"line":37,"column":69}},"type":"binary-expr","locations":[{"start":{"line":37,"column":6},"end":{"line":37,"column":35}},{"start":{"line":37,"column":35},"end":{"line":37,"column":69}}],"line":37},"8":{"loc":{"start":{"line":84,"column":6},"end":{"line":94,"column":null}},"type":"if","locations":[{"start":{"line":84,"column":6},"end":{"line":94,"column":null}},{"start":{"line":90,"column":6},"end":{"line":94,"column":null}}],"line":84},"9":{"loc":{"start":{"line":84,"column":10},"end":{"line":84,"column":69}},"type":"binary-expr","locations":[{"start":{"line":84,"column":10},"end":{"line":84,"column":42}},{"start":{"line":84,"column":42},"end":{"line":84,"column":69}}],"line":84},"10":{"loc":{"start":{"line":85,"column":8},"end":{"line":89,"column":null}},"type":"if","locations":[{"start":{"line":85,"column":8},"end":{"line":89,"column":null}},{"start":{"line":87,"column":15},"end":{"line":89,"column":null}}],"line":85},"11":{"loc":{"start":{"line":90,"column":6},"end":{"line":94,"column":null}},"type":"if","locations":[{"start":{"line":90,"column":6},"end":{"line":94,"column":null}},{"start":{"line":92,"column":13},"end":{"line":94,"column":null}}],"line":90},"12":{"loc":{"start":{"line":98,"column":6},"end":{"line":100,"column":null}},"type":"if","locations":[{"start":{"line":98,"column":6},"end":{"line":100,"column":null}},{"start":{},"end":{}}],"line":98},"13":{"loc":{"start":{"line":104,"column":6},"end":{"line":115,"column":null}},"type":"if","locations":[{"start":{"line":104,"column":6},"end":{"line":115,"column":null}},{"start":{},"end":{}}],"line":104},"14":{"loc":{"start":{"line":107,"column":10},"end":{"line":113,"column":null}},"type":"if","locations":[{"start":{"line":107,"column":10},"end":{"line":113,"column":null}},{"start":{},"end":{}}],"line":107},"15":{"loc":{"start":{"line":108,"column":12},"end":{"line":112,"column":null}},"type":"if","locations":[{"start":{"line":108,"column":12},"end":{"line":112,"column":null}},{"start":{"line":110,"column":19},"end":{"line":112,"column":null}}],"line":108},"16":{"loc":{"start":{"line":144,"column":8},"end":{"line":144,"column":null}},"type":"binary-expr","locations":[{"start":{"line":144,"column":8},"end":{"line":144,"column":27}},{"start":{"line":144,"column":27},"end":{"line":144,"column":null}}],"line":144},"17":{"loc":{"start":{"line":147,"column":10},"end":{"line":147,"column":null}},"type":"binary-expr","locations":[{"start":{"line":147,"column":10},"end":{"line":147,"column":31}},{"start":{"line":147,"column":31},"end":{"line":147,"column":null}}],"line":147},"18":{"loc":{"start":{"line":161,"column":6},"end":{"line":163,"column":null}},"type":"if","locations":[{"start":{"line":161,"column":6},"end":{"line":163,"column":null}},{"start":{},"end":{}}],"line":161},"19":{"loc":{"start":{"line":168,"column":8},"end":{"line":170,"column":null}},"type":"if","locations":[{"start":{"line":168,"column":8},"end":{"line":170,"column":null}},{"start":{},"end":{}}],"line":168},"20":{"loc":{"start":{"line":182,"column":10},"end":{"line":184,"column":null}},"type":"if","locations":[{"start":{"line":182,"column":10},"end":{"line":184,"column":null}},{"start":{},"end":{}}],"line":182},"21":{"loc":{"start":{"line":195,"column":4},"end":{"line":206,"column":null}},"type":"cond-expr","locations":[{"start":{"line":196,"column":8},"end":{"line":198,"column":null}},{"start":{"line":199,"column":8},"end":{"line":206,"column":null}}],"line":195},"22":{"loc":{"start":{"line":201,"column":12},"end":{"line":204,"column":null}},"type":"binary-expr","locations":[{"start":{"line":201,"column":12},"end":{"line":201,"column":null}},{"start":{"line":202,"column":12},"end":{"line":202,"column":null}},{"start":{"line":203,"column":12},"end":{"line":203,"column":null}},{"start":{"line":204,"column":12},"end":{"line":204,"column":null}}],"line":201},"23":{"loc":{"start":{"line":212,"column":4},"end":{"line":219,"column":null}},"type":"if","locations":[{"start":{"line":212,"column":4},"end":{"line":219,"column":null}},{"start":{},"end":{}}],"line":212},"24":{"loc":{"start":{"line":212,"column":8},"end":{"line":212,"column":27}},"type":"binary-expr","locations":[{"start":{"line":212,"column":8},"end":{"line":212,"column":15}},{"start":{"line":212,"column":15},"end":{"line":212,"column":27}}],"line":212}},"s":{"0":1,"1":22,"2":22,"3":11,"4":11,"5":11,"6":44,"7":4,"8":11,"9":8,"10":3,"11":11,"12":1,"13":11,"14":1,"15":11,"16":11,"17":1,"18":2,"19":1,"20":12,"21":12,"22":12,"23":12,"24":22,"25":12,"26":12,"27":11,"28":11,"29":11,"30":11,"31":11,"32":11,"33":20,"34":10,"35":10,"36":0,"37":10,"38":10,"39":0,"40":11,"41":11,"42":10,"43":10,"44":11,"45":11,"46":10,"47":10,"48":10,"49":20,"50":20,"51":10,"52":10,"53":11,"54":11,"55":10,"56":10,"57":10,"58":10,"59":10,"60":10,"61":11,"62":11,"63":11,"64":11,"65":11,"66":11,"67":11,"68":11,"69":11,"70":11,"71":11,"72":11,"73":11,"74":10,"75":11,"76":11,"77":0,"78":0,"79":0,"80":0,"81":0,"82":0,"83":0,"84":0,"85":0,"86":0,"87":0,"88":0,"89":0,"90":0,"91":0,"92":0,"93":0,"94":3,"95":3,"96":2,"97":2,"98":2,"99":2},"f":{"0":22,"1":1,"2":1,"3":1,"4":1,"5":1,"6":0,"7":0,"8":1,"9":0,"10":0,"11":3,"12":3,"13":2,"14":2},"b":{"0":[22,9],"1":[11,11],"2":[4,40],"3":[44,44],"4":[8,3],"5":[2,1],"6":[1,10],"7":[11,11],"8":[10,10],"9":[20,10],"10":[10,0],"11":[10,0],"12":[10,0],"13":[10,0],"14":[20,0],"15":[10,10],"16":[11,0],"17":[11,0],"18":[0,0],"19":[0,0],"20":[0,0],"21":[0,3],"22":[3,3,3,2],"23":[2,1],"24":[3,3]},"meta":{"lastBranch":25,"lastFunction":15,"lastStatement":100,"seen":{"s:8:14:43:Infinity":0,"f:8:14:8:24":0,"s:9:2:9:Infinity":1,"b:9:12:9:23:9:23:9:Infinity":0,"b:11:2:11:Infinity:undefined:undefined:undefined:undefined":1,"s:11:2:11:Infinity":2,"s:11:32:11:Infinity":3,"s:13:2:21:Infinity":4,"s:23:2:28:Infinity":5,"b:24:4:27:Infinity:undefined:undefined:undefined:undefined":2,"s:24:4:27:Infinity":6,"b:24:8:24:15:24:15:24:44":3,"s:26:6:26:Infinity":7,"b:29:2:35:Infinity:32:9:35:Infinity":4,"s:29:2:35:Infinity":8,"s:31:4:31:Infinity":9,"s:34:4:34:Infinity":10,"b:34:33:34:39:34:39:34:Infinity":5,"b:37:2:40:Infinity:undefined:undefined:undefined:undefined":6,"s:37:2:40:Infinity":11,"b:37:6:37:35:37:35:37:69":7,"s:39:4:39:Infinity":12,"s:42:2:42:Infinity":13,"s:45:0:221:Infinity":14,"f:49:2:49:8":1,"s:50:20:50:Infinity":15,"s:51:4:51:Infinity":16,"f:58:2:58:17":2,"s:59:4:61:Infinity":17,"s:60:6:60:Infinity":18,"s:62:4:62:Infinity":19,"f:67:2:67:12":3,"s:68:14:68:Infinity":20,"s:69:40:69:Infinity":21,"s:70:4:72:Infinity":22,"s:70:17:70:20":23,"s:71:6:71:Infinity":24,"s:73:4:73:Infinity":25,"s:74:4:74:Infinity":26,"f:77:2:77:11":4,"s:78:19:78:Infinity":27,"s:79:20:79:Infinity":28,"s:80:22:80:Infinity":29,"s:81:20:81:Infinity":30,"s:83:4:95:Infinity":31,"s:83:17:83:20":32,"b:84:6:94:Infinity:90:6:94:Infinity":8,"s:84:6:94:Infinity":33,"b:84:10:84:42:84:42:84:69":9,"b:85:8:89:Infinity:87:15:89:Infinity":10,"s:85:8:89:Infinity":34,"s:86:10:86:Infinity":35,"s:88:10:88:Infinity":36,"b:90:6:94:Infinity:92:13:94:Infinity":11,"s:90:6:94:Infinity":37,"s:91:8:91:Infinity":38,"s:93:8:93:Infinity":39,"s:97:4:101:Infinity":40,"s:97:18:97:21":41,"b:98:6:100:Infinity:undefined:undefined:undefined:undefined":12,"s:98:6:100:Infinity":42,"s:99:8:99:Infinity":43,"s:103:4:116:Infinity":44,"s:103:18:103:21":45,"b:104:6:115:Infinity:undefined:undefined:undefined:undefined":13,"s:104:6:115:Infinity":46,"s:105:22:105:Infinity":47,"s:106:8:114:Infinity":48,"b:107:10:113:Infinity:undefined:undefined:undefined:undefined":14,"s:107:10:113:Infinity":49,"b:108:12:112:Infinity:110:19:112:Infinity":15,"s:108:12:112:Infinity":50,"s:109:14:109:Infinity":51,"s:111:14:111:Infinity":52,"s:118:4:125:Infinity":53,"s:118:18:118:21":54,"s:119:23:119:Infinity":55,"s:120:18:120:Infinity":56,"s:121:6:121:Infinity":57,"s:122:6:122:Infinity":58,"s:123:6:123:Infinity":59,"s:124:6:124:Infinity":60,"s:127:4:127:Infinity":61,"f:132:2:132:15":5,"s:135:38:135:Infinity":62,"s:136:33:136:Infinity":63,"s:137:4:137:Infinity":64,"s:138:4:141:Infinity":65,"s:144:4:144:Infinity":66,"b:144:8:144:27:144:27:144:Infinity":16,"s:147:4:147:Infinity":67,"b:147:10:147:31:147:31:147:Infinity":17,"s:148:4:148:Infinity":68,"s:149:4:149:Infinity":69,"s:150:4:150:Infinity":70,"s:152:20:152:Infinity":71,"s:153:4:155:Infinity":72,"s:153:17:153:20":73,"s:154:6:154:Infinity":74,"s:158:18:158:Infinity":75,"s:159:4:172:Infinity":76,"f:159:20:159:38":6,"b:161:6:163:Infinity:undefined:undefined:undefined:undefined":18,"s:161:6:163:Infinity":77,"s:162:8:162:Infinity":78,"s:164:6:164:Infinity":79,"s:165:6:171:Infinity":80,"f:165:17:165:29":7,"s:166:8:166:Infinity":81,"b:168:8:170:Infinity:undefined:undefined:undefined:undefined":19,"s:168:8:170:Infinity":82,"s:169:10:169:Infinity":83,"f:177:2:177:11":8,"s:178:4:192:Infinity":84,"s:179:6:189:Infinity":85,"f:179:17:179:29":9,"s:180:8:180:Infinity":86,"s:181:8:187:Infinity":87,"b:182:10:184:Infinity:undefined:undefined:undefined:undefined":20,"s:182:10:184:Infinity":88,"s:183:12:183:Infinity":89,"s:186:10:186:Infinity":90,"s:188:8:188:Infinity":91,"s:191:6:191:Infinity":92,"b:196:8:198:Infinity:199:8:206:Infinity":21,"f:196:8:196:18":10,"s:197:10:197:Infinity":93,"f:199:8:199:18":11,"s:200:10:204:Infinity":94,"b:201:12:201:Infinity:202:12:202:Infinity:203:12:203:Infinity:204:12:204:Infinity":22,"f:211:2:211:15":12,"b:212:4:219:Infinity:undefined:undefined:undefined:undefined":23,"s:212:4:219:Infinity":95,"b:212:8:212:15:212:15:212:27":24,"s:213:6:218:Infinity":96,"f:213:18:213:26":13,"s:214:23:214:Infinity":97,"s:215:8:217:Infinity":98,"f:215:23:215:30":14,"s:216:10:216:Infinity":99}}}
,"D:\\github\\dream-admin-thin\\src\\utils\\theme.ts": {"path":"D:\\github\\dream-admin-thin\\src\\utils\\theme.ts","statementMap":{"0":{"start":{"line":6,"column":17},"end":{"line":6,"column":null}},"1":{"start":{"line":8,"column":8},"end":{"line":13,"column":null}},"2":{"start":{"line":9,"column":4},"end":{"line":12,"column":null}},"3":{"start":{"line":15,"column":8},"end":{"line":29,"column":null}},"4":{"start":{"line":16,"column":4},"end":{"line":28,"column":null}},"5":{"start":{"line":17,"column":6},"end":{"line":27,"column":null}},"6":{"start":{"line":31,"column":2},"end":{"line":38,"column":null}}},"fnMap":{"0":{"name":"usePublicHooks","decl":{"start":{"line":5,"column":16},"end":{"line":5,"column":33}},"loc":{"start":{"line":5,"column":33},"end":{"line":39,"column":null}},"line":5},"1":{"name":"(anonymous_1)","decl":{"start":{"line":8,"column":31},"end":{"line":8,"column":37}},"loc":{"start":{"line":8,"column":37},"end":{"line":13,"column":3}},"line":8},"2":{"name":"(anonymous_2)","decl":{"start":{"line":15,"column":28},"end":{"line":15,"column":34}},"loc":{"start":{"line":15,"column":34},"end":{"line":29,"column":3}},"line":15},"3":{"name":"(anonymous_3)","decl":{"start":{"line":16,"column":11},"end":{"line":16,"column":12}},"loc":{"start":{"line":16,"column":33},"end":{"line":28,"column":null}},"line":16}},"branchMap":{"0":{"loc":{"start":{"line":17,"column":13},"end":{"line":27,"column":null}},"type":"cond-expr","locations":[{"start":{"line":18,"column":10},"end":{"line":22,"column":null}},{"start":{"line":23,"column":10},"end":{"line":27,"column":null}}],"line":17},"1":{"loc":{"start":{"line":19,"column":35},"end":{"line":19,"column":null}},"type":"cond-expr","locations":[{"start":{"line":19,"column":50},"end":{"line":19,"column":62}},{"start":{"line":19,"column":62},"end":{"line":19,"column":null}}],"line":19},"2":{"loc":{"start":{"line":20,"column":33},"end":{"line":20,"column":null}},"type":"cond-expr","locations":[{"start":{"line":20,"column":48},"end":{"line":20,"column":60}},{"start":{"line":20,"column":60},"end":{"line":20,"column":null}}],"line":20},"3":{"loc":{"start":{"line":21,"column":37},"end":{"line":21,"column":null}},"type":"cond-expr","locations":[{"start":{"line":21,"column":52},"end":{"line":21,"column":64}},{"start":{"line":21,"column":64},"end":{"line":21,"column":null}}],"line":21},"4":{"loc":{"start":{"line":24,"column":35},"end":{"line":24,"column":null}},"type":"cond-expr","locations":[{"start":{"line":24,"column":50},"end":{"line":24,"column":62}},{"start":{"line":24,"column":62},"end":{"line":24,"column":null}}],"line":24},"5":{"loc":{"start":{"line":25,"column":33},"end":{"line":25,"column":null}},"type":"cond-expr","locations":[{"start":{"line":25,"column":48},"end":{"line":25,"column":60}},{"start":{"line":25,"column":60},"end":{"line":25,"column":null}}],"line":25},"6":{"loc":{"start":{"line":26,"column":37},"end":{"line":26,"column":null}},"type":"cond-expr","locations":[{"start":{"line":26,"column":52},"end":{"line":26,"column":64}},{"start":{"line":26,"column":64},"end":{"line":26,"column":null}}],"line":26}},"s":{"0":4,"1":4,"2":1,"3":4,"4":2,"5":4,"6":4},"f":{"0":4,"1":1,"2":2,"3":4},"b":{"0":[2,2],"1":[1,1],"2":[1,1],"3":[1,1],"4":[1,1],"5":[1,1],"6":[1,1]},"meta":{"lastBranch":7,"lastFunction":4,"lastStatement":7,"seen":{"f:5:16:5:33":0,"s:6:17:6:Infinity":0,"s:8:8:13:Infinity":1,"f:8:31:8:37":1,"s:9:4:12:Infinity":2,"s:15:8:29:Infinity":3,"f:15:28:15:34":2,"s:16:4:28:Infinity":4,"f:16:11:16:12":3,"s:17:6:27:Infinity":5,"b:18:10:22:Infinity:23:10:27:Infinity":0,"b:19:50:19:62:19:62:19:Infinity":1,"b:20:48:20:60:20:60:20:Infinity":2,"b:21:52:21:64:21:64:21:Infinity":3,"b:24:50:24:62:24:62:24:Infinity":4,"b:25:48:25:60:25:60:25:Infinity":5,"b:26:52:26:64:26:64:26:Infinity":6,"s:31:2:38:Infinity":6}}}
,"D:\\github\\dream-admin-thin\\src\\utils\\tree.ts": {"path":"D:\\github\\dream-admin-thin\\src\\utils\\tree.ts","statementMap":{"0":{"start":{"line":6,"column":31},"end":{"line":21,"column":null}},"1":{"start":{"line":7,"column":2},"end":{"line":10,"column":null}},"2":{"start":{"line":8,"column":4},"end":{"line":8,"column":null}},"3":{"start":{"line":9,"column":4},"end":{"line":9,"column":null}},"4":{"start":{"line":11,"column":2},"end":{"line":11,"column":null}},"5":{"start":{"line":11,"column":34},"end":{"line":11,"column":null}},"6":{"start":{"line":12,"column":48},"end":{"line":12,"column":null}},"7":{"start":{"line":13,"column":2},"end":{"line":19,"column":null}},"8":{"start":{"line":14,"column":24},"end":{"line":14,"column":null}},"9":{"start":{"line":15,"column":4},"end":{"line":17,"column":null}},"10":{"start":{"line":16,"column":6},"end":{"line":16,"column":null}},"11":{"start":{"line":18,"column":4},"end":{"line":18,"column":null}},"12":{"start":{"line":20,"column":2},"end":{"line":20,"column":null}},"13":{"start":{"line":29,"column":30},"end":{"line":48,"column":null}},"14":{"start":{"line":30,"column":2},"end":{"line":33,"column":null}},"15":{"start":{"line":31,"column":4},"end":{"line":31,"column":null}},"16":{"start":{"line":32,"column":4},"end":{"line":32,"column":null}},"17":{"start":{"line":34,"column":2},"end":{"line":34,"column":null}},"18":{"start":{"line":34,"column":34},"end":{"line":34,"column":null}},"19":{"start":{"line":35,"column":2},"end":{"line":46,"column":null}},"20":{"start":{"line":36,"column":4},"end":{"line":36,"column":null}},"21":{"start":{"line":36,"column":53},"end":{"line":36,"column":null}},"22":{"start":{"line":37,"column":4},"end":{"line":37,"column":null}},"23":{"start":{"line":38,"column":4},"end":{"line":38,"column":null}},"24":{"start":{"line":39,"column":4},"end":{"line":39,"column":null}},"25":{"start":{"line":40,"column":4},"end":{"line":41,"column":null}},"26":{"start":{"line":42,"column":24},"end":{"line":42,"column":null}},"27":{"start":{"line":43,"column":4},"end":{"line":45,"column":null}},"28":{"start":{"line":44,"column":6},"end":{"line":44,"column":null}},"29":{"start":{"line":47,"column":2},"end":{"line":47,"column":null}},"30":{"start":{"line":56,"column":34},"end":{"line":72,"column":null}},"31":{"start":{"line":57,"column":2},"end":{"line":60,"column":null}},"32":{"start":{"line":58,"column":4},"end":{"line":58,"column":null}},"33":{"start":{"line":59,"column":4},"end":{"line":59,"column":null}},"34":{"start":{"line":61,"column":2},"end":{"line":61,"column":null}},"35":{"start":{"line":61,"column":34},"end":{"line":61,"column":null}},"36":{"start":{"line":62,"column":2},"end":{"line":70,"column":null}},"37":{"start":{"line":63,"column":4},"end":{"line":63,"column":null}},"38":{"start":{"line":64,"column":4},"end":{"line":64,"column":null}},"39":{"start":{"line":65,"column":4},"end":{"line":65,"column":null}},"40":{"start":{"line":66,"column":24},"end":{"line":66,"column":null}},"41":{"start":{"line":67,"column":4},"end":{"line":69,"column":null}},"42":{"start":{"line":68,"column":6},"end":{"line":68,"column":null}},"43":{"start":{"line":71,"column":2},"end":{"line":71,"column":null}},"44":{"start":{"line":80,"column":33},"end":{"line":96,"column":null}},"45":{"start":{"line":84,"column":2},"end":{"line":87,"column":null}},"46":{"start":{"line":85,"column":4},"end":{"line":85,"column":null}},"47":{"start":{"line":86,"column":4},"end":{"line":86,"column":null}},"48":{"start":{"line":88,"column":2},"end":{"line":88,"column":null}},"49":{"start":{"line":88,"column":34},"end":{"line":88,"column":null}},"50":{"start":{"line":89,"column":15},"end":{"line":89,"column":null}},"51":{"start":{"line":89,"column":33},"end":{"line":89,"column":59}},"52":{"start":{"line":90,"column":2},"end":{"line":90,"column":null}},"53":{"start":{"line":90,"column":12},"end":{"line":90,"column":null}},"54":{"start":{"line":91,"column":23},"end":{"line":94,"column":null}},"55":{"start":{"line":92,"column":20},"end":{"line":92,"column":33}},"56":{"start":{"line":93,"column":14},"end":{"line":93,"column":24}},"57":{"start":{"line":95,"column":2},"end":{"line":95,"column":null}},"58":{"start":{"line":105,"column":37},"end":{"line":127,"column":null}},"59":{"start":{"line":110,"column":2},"end":{"line":113,"column":null}},"60":{"start":{"line":111,"column":4},"end":{"line":111,"column":null}},"61":{"start":{"line":112,"column":4},"end":{"line":112,"column":null}},"62":{"start":{"line":114,"column":2},"end":{"line":114,"column":null}},"63":{"start":{"line":114,"column":34},"end":{"line":114,"column":null}},"64":{"start":{"line":115,"column":2},"end":{"line":125,"column":null}},"65":{"start":{"line":116,"column":24},"end":{"line":116,"column":null}},"66":{"start":{"line":117,"column":4},"end":{"line":121,"column":null}},"67":{"start":{"line":121,"column":6},"end":{"line":121,"column":null}},"68":{"start":{"line":122,"column":4},"end":{"line":124,"column":null}},"69":{"start":{"line":123,"column":6},"end":{"line":123,"column":null}},"70":{"start":{"line":126,"column":2},"end":{"line":126,"column":null}},"71":{"start":{"line":137,"column":26},"end":{"line":188,"column":null}},"72":{"start":{"line":143,"column":2},"end":{"line":146,"column":null}},"73":{"start":{"line":144,"column":4},"end":{"line":144,"column":null}},"74":{"start":{"line":145,"column":4},"end":{"line":145,"column":null}},"75":{"start":{"line":147,"column":17},"end":{"line":151,"column":null}},"76":{"start":{"line":153,"column":31},"end":{"line":153,"column":null}},"77":{"start":{"line":154,"column":23},"end":{"line":154,"column":null}},"78":{"start":{"line":155,"column":15},"end":{"line":155,"column":null}},"79":{"start":{"line":157,"column":2},"end":{"line":164,"column":null}},"80":{"start":{"line":158,"column":21},"end":{"line":158,"column":null}},"81":{"start":{"line":159,"column":4},"end":{"line":161,"column":null}},"82":{"start":{"line":160,"column":6},"end":{"line":160,"column":null}},"83":{"start":{"line":162,"column":4},"end":{"line":162,"column":null}},"84":{"start":{"line":163,"column":4},"end":{"line":163,"column":null}},"85":{"start":{"line":166,"column":2},"end":{"line":171,"column":null}},"86":{"start":{"line":167,"column":21},"end":{"line":167,"column":null}},"87":{"start":{"line":168,"column":4},"end":{"line":170,"column":null}},"88":{"start":{"line":169,"column":6},"end":{"line":169,"column":null}},"89":{"start":{"line":173,"column":2},"end":{"line":175,"column":null}},"90":{"start":{"line":174,"column":4},"end":{"line":174,"column":null}},"91":{"start":{"line":178,"column":4},"end":{"line":180,"column":null}},"92":{"start":{"line":179,"column":6},"end":{"line":179,"column":null}},"93":{"start":{"line":181,"column":4},"end":{"line":185,"column":null}},"94":{"start":{"line":182,"column":6},"end":{"line":184,"column":null}},"95":{"start":{"line":183,"column":8},"end":{"line":183,"column":null}},"96":{"start":{"line":187,"column":2},"end":{"line":187,"column":null}}},"fnMap":{"0":{"name":"(anonymous_0)","decl":{"start":{"line":6,"column":31},"end":{"line":6,"column":32}},"loc":{"start":{"line":6,"column":53},"end":{"line":21,"column":null}},"line":6},"1":{"name":"(anonymous_1)","decl":{"start":{"line":29,"column":30},"end":{"line":29,"column":31}},"loc":{"start":{"line":29,"column":67},"end":{"line":48,"column":null}},"line":29},"2":{"name":"(anonymous_2)","decl":{"start":{"line":56,"column":34},"end":{"line":56,"column":35}},"loc":{"start":{"line":56,"column":71},"end":{"line":72,"column":null}},"line":56},"3":{"name":"(anonymous_3)","decl":{"start":{"line":80,"column":33},"end":{"line":80,"column":null}},"loc":{"start":{"line":83,"column":10},"end":{"line":96,"column":null}},"line":83},"4":{"name":"(anonymous_4)","decl":{"start":{"line":89,"column":25},"end":{"line":89,"column":33}},"loc":{"start":{"line":89,"column":33},"end":{"line":89,"column":59}},"line":89},"5":{"name":"(anonymous_5)","decl":{"start":{"line":92,"column":12},"end":{"line":92,"column":20}},"loc":{"start":{"line":92,"column":20},"end":{"line":92,"column":33}},"line":92},"6":{"name":"(anonymous_6)","decl":{"start":{"line":93,"column":9},"end":{"line":93,"column":14}},"loc":{"start":{"line":93,"column":14},"end":{"line":93,"column":24}},"line":93},"7":{"name":"(anonymous_7)","decl":{"start":{"line":105,"column":37},"end":{"line":105,"column":null}},"loc":{"start":{"line":109,"column":10},"end":{"line":127,"column":null}},"line":109},"8":{"name":"(anonymous_8)","decl":{"start":{"line":137,"column":26},"end":{"line":137,"column":null}},"loc":{"start":{"line":142,"column":10},"end":{"line":188,"column":null}},"line":142},"9":{"name":"adaptToChildrenList","decl":{"start":{"line":177,"column":11},"end":{"line":177,"column":31}},"loc":{"start":{"line":177,"column":55},"end":{"line":186,"column":null}},"line":177}},"branchMap":{"0":{"loc":{"start":{"line":7,"column":2},"end":{"line":10,"column":null}},"type":"if","locations":[{"start":{"line":7,"column":2},"end":{"line":10,"column":null}},{"start":{},"end":{}}],"line":7},"1":{"loc":{"start":{"line":11,"column":2},"end":{"line":11,"column":null}},"type":"if","locations":[{"start":{"line":11,"column":2},"end":{"line":11,"column":null}},{"start":{},"end":{}}],"line":11},"2":{"loc":{"start":{"line":11,"column":6},"end":{"line":11,"column":34}},"type":"binary-expr","locations":[{"start":{"line":11,"column":6},"end":{"line":11,"column":15}},{"start":{"line":11,"column":15},"end":{"line":11,"column":34}}],"line":11},"3":{"loc":{"start":{"line":14,"column":24},"end":{"line":14,"column":null}},"type":"binary-expr","locations":[{"start":{"line":14,"column":24},"end":{"line":14,"column":41}},{"start":{"line":14,"column":41},"end":{"line":14,"column":null}}],"line":14},"4":{"loc":{"start":{"line":15,"column":4},"end":{"line":17,"column":null}},"type":"if","locations":[{"start":{"line":15,"column":4},"end":{"line":17,"column":null}},{"start":{},"end":{}}],"line":15},"5":{"loc":{"start":{"line":29,"column":44},"end":{"line":29,"column":67}},"type":"default-arg","locations":[{"start":{"line":29,"column":55},"end":{"line":29,"column":67}}],"line":29},"6":{"loc":{"start":{"line":30,"column":2},"end":{"line":33,"column":null}},"type":"if","locations":[{"start":{"line":30,"column":2},"end":{"line":33,"column":null}},{"start":{},"end":{}}],"line":30},"7":{"loc":{"start":{"line":34,"column":2},"end":{"line":34,"column":null}},"type":"if","locations":[{"start":{"line":34,"column":2},"end":{"line":34,"column":null}},{"start":{},"end":{}}],"line":34},"8":{"loc":{"start":{"line":34,"column":6},"end":{"line":34,"column":34}},"type":"binary-expr","locations":[{"start":{"line":34,"column":6},"end":{"line":34,"column":15}},{"start":{"line":34,"column":15},"end":{"line":34,"column":34}}],"line":34},"9":{"loc":{"start":{"line":36,"column":4},"end":{"line":36,"column":null}},"type":"if","locations":[{"start":{"line":36,"column":4},"end":{"line":36,"column":null}},{"start":{},"end":{}}],"line":36},"10":{"loc":{"start":{"line":36,"column":8},"end":{"line":36,"column":53}},"type":"binary-expr","locations":[{"start":{"line":36,"column":8},"end":{"line":36,"column":25}},{"start":{"line":36,"column":25},"end":{"line":36,"column":53}}],"line":36},"11":{"loc":{"start":{"line":38,"column":20},"end":{"line":38,"column":null}},"type":"cond-expr","locations":[{"start":{"line":38,"column":38},"end":{"line":38,"column":70}},{"start":{"line":38,"column":70},"end":{"line":38,"column":null}}],"line":38},"12":{"loc":{"start":{"line":41,"column":6},"end":{"line":41,"column":null}},"type":"cond-expr","locations":[{"start":{"line":41,"column":33},"end":{"line":41,"column":59}},{"start":{"line":41,"column":59},"end":{"line":41,"column":null}}],"line":41},"13":{"loc":{"start":{"line":42,"column":24},"end":{"line":42,"column":null}},"type":"binary-expr","locations":[{"start":{"line":42,"column":24},"end":{"line":42,"column":41}},{"start":{"line":42,"column":41},"end":{"line":42,"column":null}}],"line":42},"14":{"loc":{"start":{"line":43,"column":4},"end":{"line":45,"column":null}},"type":"if","locations":[{"start":{"line":43,"column":4},"end":{"line":45,"column":null}},{"start":{},"end":{}}],"line":43},"15":{"loc":{"start":{"line":56,"column":48},"end":{"line":56,"column":71}},"type":"default-arg","locations":[{"start":{"line":56,"column":59},"end":{"line":56,"column":71}}],"line":56},"16":{"loc":{"start":{"line":57,"column":2},"end":{"line":60,"column":null}},"type":"if","locations":[{"start":{"line":57,"column":2},"end":{"line":60,"column":null}},{"start":{},"end":{}}],"line":57},"17":{"loc":{"start":{"line":61,"column":2},"end":{"line":61,"column":null}},"type":"if","locations":[{"start":{"line":61,"column":2},"end":{"line":61,"column":null}},{"start":{},"end":{}}],"line":61},"18":{"loc":{"start":{"line":61,"column":6},"end":{"line":61,"column":34}},"type":"binary-expr","locations":[{"start":{"line":61,"column":6},"end":{"line":61,"column":15}},{"start":{"line":61,"column":15},"end":{"line":61,"column":34}}],"line":61},"19":{"loc":{"start":{"line":64,"column":20},"end":{"line":64,"column":null}},"type":"cond-expr","locations":[{"start":{"line":64,"column":38},"end":{"line":64,"column":70}},{"start":{"line":64,"column":70},"end":{"line":64,"column":null}}],"line":64},"20":{"loc":{"start":{"line":66,"column":24},"end":{"line":66,"column":null}},"type":"binary-expr","locations":[{"start":{"line":66,"column":24},"end":{"line":66,"column":41}},{"start":{"line":66,"column":41},"end":{"line":66,"column":null}}],"line":66},"21":{"loc":{"start":{"line":67,"column":4},"end":{"line":69,"column":null}},"type":"if","locations":[{"start":{"line":67,"column":4},"end":{"line":69,"column":null}},{"start":{},"end":{}}],"line":67},"22":{"loc":{"start":{"line":84,"column":2},"end":{"line":87,"column":null}},"type":"if","locations":[{"start":{"line":84,"column":2},"end":{"line":87,"column":null}},{"start":{},"end":{}}],"line":84},"23":{"loc":{"start":{"line":88,"column":2},"end":{"line":88,"column":null}},"type":"if","locations":[{"start":{"line":88,"column":2},"end":{"line":88,"column":null}},{"start":{},"end":{}}],"line":88},"24":{"loc":{"start":{"line":88,"column":6},"end":{"line":88,"column":34}},"type":"binary-expr","locations":[{"start":{"line":88,"column":6},"end":{"line":88,"column":15}},{"start":{"line":88,"column":15},"end":{"line":88,"column":34}}],"line":88},"25":{"loc":{"start":{"line":90,"column":2},"end":{"line":90,"column":null}},"type":"if","locations":[{"start":{"line":90,"column":2},"end":{"line":90,"column":null}},{"start":{},"end":{}}],"line":90},"26":{"loc":{"start":{"line":110,"column":2},"end":{"line":113,"column":null}},"type":"if","locations":[{"start":{"line":110,"column":2},"end":{"line":113,"column":null}},{"start":{},"end":{}}],"line":110},"27":{"loc":{"start":{"line":114,"column":2},"end":{"line":114,"column":null}},"type":"if","locations":[{"start":{"line":114,"column":2},"end":{"line":114,"column":null}},{"start":{},"end":{}}],"line":114},"28":{"loc":{"start":{"line":114,"column":6},"end":{"line":114,"column":34}},"type":"binary-expr","locations":[{"start":{"line":114,"column":6},"end":{"line":114,"column":15}},{"start":{"line":114,"column":15},"end":{"line":114,"column":34}}],"line":114},"29":{"loc":{"start":{"line":116,"column":24},"end":{"line":116,"column":null}},"type":"binary-expr","locations":[{"start":{"line":116,"column":24},"end":{"line":116,"column":41}},{"start":{"line":116,"column":41},"end":{"line":116,"column":null}}],"line":116},"30":{"loc":{"start":{"line":117,"column":4},"end":{"line":121,"column":null}},"type":"if","locations":[{"start":{"line":117,"column":4},"end":{"line":121,"column":null}},{"start":{},"end":{}}],"line":117},"31":{"loc":{"start":{"line":118,"column":6},"end":{"line":119,"column":null}},"type":"binary-expr","locations":[{"start":{"line":118,"column":6},"end":{"line":118,"column":null}},{"start":{"line":119,"column":6},"end":{"line":119,"column":null}}],"line":118},"32":{"loc":{"start":{"line":122,"column":4},"end":{"line":124,"column":null}},"type":"if","locations":[{"start":{"line":122,"column":4},"end":{"line":124,"column":null}},{"start":{},"end":{}}],"line":122},"33":{"loc":{"start":{"line":143,"column":2},"end":{"line":146,"column":null}},"type":"if","locations":[{"start":{"line":143,"column":2},"end":{"line":146,"column":null}},{"start":{},"end":{}}],"line":143},"34":{"loc":{"start":{"line":148,"column":8},"end":{"line":148,"column":null}},"type":"binary-expr","locations":[{"start":{"line":148,"column":8},"end":{"line":148,"column":14}},{"start":{"line":148,"column":14},"end":{"line":148,"column":null}}],"line":148},"35":{"loc":{"start":{"line":149,"column":14},"end":{"line":149,"column":null}},"type":"binary-expr","locations":[{"start":{"line":149,"column":14},"end":{"line":149,"column":26}},{"start":{"line":149,"column":26},"end":{"line":149,"column":null}}],"line":149},"36":{"loc":{"start":{"line":150,"column":18},"end":{"line":150,"column":null}},"type":"binary-expr","locations":[{"start":{"line":150,"column":18},"end":{"line":150,"column":30}},{"start":{"line":150,"column":30},"end":{"line":150,"column":null}}],"line":150},"37":{"loc":{"start":{"line":159,"column":4},"end":{"line":161,"column":null}},"type":"if","locations":[{"start":{"line":159,"column":4},"end":{"line":161,"column":null}},{"start":{},"end":{}}],"line":159},"38":{"loc":{"start":{"line":168,"column":4},"end":{"line":170,"column":null}},"type":"if","locations":[{"start":{"line":168,"column":4},"end":{"line":170,"column":null}},{"start":{},"end":{}}],"line":168},"39":{"loc":{"start":{"line":178,"column":4},"end":{"line":180,"column":null}},"type":"if","locations":[{"start":{"line":178,"column":4},"end":{"line":180,"column":null}},{"start":{},"end":{}}],"line":178},"40":{"loc":{"start":{"line":181,"column":4},"end":{"line":185,"column":null}},"type":"if","locations":[{"start":{"line":181,"column":4},"end":{"line":185,"column":null}},{"start":{},"end":{}}],"line":181}},"s":{"0":1,"1":5,"2":1,"3":1,"4":4,"5":1,"6":3,"7":3,"8":5,"9":5,"10":1,"11":5,"12":3,"13":1,"14":4,"15":1,"16":1,"17":3,"18":1,"19":2,"20":3,"21":2,"22":3,"23":3,"24":3,"25":3,"26":3,"27":3,"28":0,"29":2,"30":1,"31":4,"32":1,"33":1,"34":3,"35":1,"36":2,"37":2,"38":2,"39":2,"40":2,"41":2,"42":1,"43":2,"44":1,"45":9,"46":1,"47":1,"48":8,"49":2,"50":6,"51":6,"52":6,"53":2,"54":4,"55":4,"56":3,"57":4,"58":1,"59":6,"60":1,"61":1,"62":5,"63":1,"64":4,"65":5,"66":5,"67":2,"68":5,"69":1,"70":4,"71":1,"72":5,"73":1,"74":1,"75":4,"76":5,"77":5,"78":5,"79":5,"80":6,"81":6,"82":5,"83":6,"84":6,"85":4,"86":6,"87":6,"88":3,"89":4,"90":3,"91":6,"92":6,"93":6,"94":2,"95":3,"96":4},"f":{"0":5,"1":4,"2":4,"3":9,"4":6,"5":4,"6":3,"7":6,"8":5,"9":6},"b":{"0":[1,4],"1":[1,3],"2":[4,4],"3":[5,1],"4":[1,4],"5":[4],"6":[1,3],"7":[1,2],"8":[3,3],"9":[2,1],"10":[3,2],"11":[0,3],"12":[0,3],"13":[3,0],"14":[0,3],"15":[4],"16":[1,3],"17":[1,2],"18":[3,3],"19":[1,1],"20":[2,2],"21":[1,1],"22":[1,8],"23":[2,6],"24":[8,8],"25":[2,4],"26":[1,5],"27":[1,4],"28":[5,5],"29":[5,1],"30":[2,3],"31":[5,3],"32":[1,4],"33":[1,4],"34":[4,3],"35":[5,3],"36":[5,3],"37":[5,1],"38":[3,3],"39":[6,0],"40":[2,4]},"meta":{"lastBranch":41,"lastFunction":10,"lastStatement":97,"seen":{"s:6:31:21:Infinity":0,"f:6:31:6:32":0,"b:7:2:10:Infinity:undefined:undefined:undefined:undefined":0,"s:7:2:10:Infinity":1,"s:8:4:8:Infinity":2,"s:9:4:9:Infinity":3,"b:11:2:11:Infinity:undefined:undefined:undefined:undefined":1,"s:11:2:11:Infinity":4,"b:11:6:11:15:11:15:11:34":2,"s:11:34:11:Infinity":5,"s:12:48:12:Infinity":6,"s:13:2:19:Infinity":7,"s:14:24:14:Infinity":8,"b:14:24:14:41:14:41:14:Infinity":3,"b:15:4:17:Infinity:undefined:undefined:undefined:undefined":4,"s:15:4:17:Infinity":9,"s:16:6:16:Infinity":10,"s:18:4:18:Infinity":11,"s:20:2:20:Infinity":12,"s:29:30:48:Infinity":13,"f:29:30:29:31":1,"b:29:55:29:67":5,"b:30:2:33:Infinity:undefined:undefined:undefined:undefined":6,"s:30:2:33:Infinity":14,"s:31:4:31:Infinity":15,"s:32:4:32:Infinity":16,"b:34:2:34:Infinity:undefined:undefined:undefined:undefined":7,"s:34:2:34:Infinity":17,"b:34:6:34:15:34:15:34:34":8,"s:34:34:34:Infinity":18,"s:35:2:46:Infinity":19,"b:36:4:36:Infinity:undefined:undefined:undefined:undefined":9,"s:36:4:36:Infinity":20,"b:36:8:36:25:36:25:36:53":10,"s:36:53:36:Infinity":21,"s:37:4:37:Infinity":22,"s:38:4:38:Infinity":23,"b:38:38:38:70:38:70:38:Infinity":11,"s:39:4:39:Infinity":24,"s:40:4:41:Infinity":25,"b:41:33:41:59:41:59:41:Infinity":12,"s:42:24:42:Infinity":26,"b:42:24:42:41:42:41:42:Infinity":13,"b:43:4:45:Infinity:undefined:undefined:undefined:undefined":14,"s:43:4:45:Infinity":27,"s:44:6:44:Infinity":28,"s:47:2:47:Infinity":29,"s:56:34:72:Infinity":30,"f:56:34:56:35":2,"b:56:59:56:71":15,"b:57:2:60:Infinity:undefined:undefined:undefined:undefined":16,"s:57:2:60:Infinity":31,"s:58:4:58:Infinity":32,"s:59:4:59:Infinity":33,"b:61:2:61:Infinity:undefined:undefined:undefined:undefined":17,"s:61:2:61:Infinity":34,"b:61:6:61:15:61:15:61:34":18,"s:61:34:61:Infinity":35,"s:62:2:70:Infinity":36,"s:63:4:63:Infinity":37,"s:64:4:64:Infinity":38,"b:64:38:64:70:64:70:64:Infinity":19,"s:65:4:65:Infinity":39,"s:66:24:66:Infinity":40,"b:66:24:66:41:66:41:66:Infinity":20,"b:67:4:69:Infinity:undefined:undefined:undefined:undefined":21,"s:67:4:69:Infinity":41,"s:68:6:68:Infinity":42,"s:71:2:71:Infinity":43,"s:80:33:96:Infinity":44,"f:80:33:80:Infinity":3,"b:84:2:87:Infinity:undefined:undefined:undefined:undefined":22,"s:84:2:87:Infinity":45,"s:85:4:85:Infinity":46,"s:86:4:86:Infinity":47,"b:88:2:88:Infinity:undefined:undefined:undefined:undefined":23,"s:88:2:88:Infinity":48,"b:88:6:88:15:88:15:88:34":24,"s:88:34:88:Infinity":49,"s:89:15:89:Infinity":50,"f:89:25:89:33":4,"s:89:33:89:59":51,"b:90:2:90:Infinity:undefined:undefined:undefined:undefined":25,"s:90:2:90:Infinity":52,"s:90:12:90:Infinity":53,"s:91:23:94:Infinity":54,"f:92:12:92:20":5,"s:92:20:92:33":55,"f:93:9:93:14":6,"s:93:14:93:24":56,"s:95:2:95:Infinity":57,"s:105:37:127:Infinity":58,"f:105:37:105:Infinity":7,"b:110:2:113:Infinity:undefined:undefined:undefined:undefined":26,"s:110:2:113:Infinity":59,"s:111:4:111:Infinity":60,"s:112:4:112:Infinity":61,"b:114:2:114:Infinity:undefined:undefined:undefined:undefined":27,"s:114:2:114:Infinity":62,"b:114:6:114:15:114:15:114:34":28,"s:114:34:114:Infinity":63,"s:115:2:125:Infinity":64,"s:116:24:116:Infinity":65,"b:116:24:116:41:116:41:116:Infinity":29,"b:117:4:121:Infinity:undefined:undefined:undefined:undefined":30,"s:117:4:121:Infinity":66,"b:118:6:118:Infinity:119:6:119:Infinity":31,"s:121:6:121:Infinity":67,"b:122:4:124:Infinity:undefined:undefined:undefined:undefined":32,"s:122:4:124:Infinity":68,"s:123:6:123:Infinity":69,"s:126:2:126:Infinity":70,"s:137:26:188:Infinity":71,"f:137:26:137:Infinity":8,"b:143:2:146:Infinity:undefined:undefined:undefined:undefined":33,"s:143:2:146:Infinity":72,"s:144:4:144:Infinity":73,"s:145:4:145:Infinity":74,"s:147:17:151:Infinity":75,"b:148:8:148:14:148:14:148:Infinity":34,"b:149:14:149:26:149:26:149:Infinity":35,"b:150:18:150:30:150:30:150:Infinity":36,"s:153:31:153:Infinity":76,"s:154:23:154:Infinity":77,"s:155:15:155:Infinity":78,"s:157:2:164:Infinity":79,"s:158:21:158:Infinity":80,"b:159:4:161:Infinity:undefined:undefined:undefined:undefined":37,"s:159:4:161:Infinity":81,"s:160:6:160:Infinity":82,"s:162:4:162:Infinity":83,"s:163:4:163:Infinity":84,"s:166:2:171:Infinity":85,"s:167:21:167:Infinity":86,"b:168:4:170:Infinity:undefined:undefined:undefined:undefined":38,"s:168:4:170:Infinity":87,"s:169:6:169:Infinity":88,"s:173:2:175:Infinity":89,"s:174:4:174:Infinity":90,"f:177:11:177:31":9,"b:178:4:180:Infinity:undefined:undefined:undefined:undefined":39,"s:178:4:180:Infinity":91,"s:179:6:179:Infinity":92,"b:181:4:185:Infinity:undefined:undefined:undefined:undefined":40,"s:181:4:185:Infinity":93,"s:182:6:184:Infinity":94,"s:183:8:183:Infinity":95,"s:187:2:187:Infinity":96}}}
}
